{"logTime": "0708/225535", "correlationVector":"C0XesLKEuai1aJMfBPGs6+.1","action":"SyncServerConnectionManagerRequest", "result":"SYNC_SERVER_OK", "context":{"environment":"Prod_brazilsouth_prod-s01-001-sam-brazilsouth", "migrationStage":"NotStarted", "server":"akswtt00600000b"}}
{"logTime": "0708/225535", "correlationVector":"C0XesLKEuai1aJMfBPGs6+.2","action":"AAD.Mip.Unpack", "result":"Success", "context":MIP_CLOUD_COMMERCIAL:Success}
{"logTime": "0708/225535", "correlationVector":"C0XesLKEuai1aJMfBPGs6+.3","action":"EncryptionKeysManager::SetEncryptionKeys:", "result":"Success", "context":Key names[5]:[CelT6vVcCpJTdc3gmrh2mN0DDwHCnyXlA7oJghb1kXzIa/tRyoEqyj1SYPq6BCyCfPxHVk/7WBQsx3zI/ZcMKQ==][sOCqhtLAcyrZ2FwAt5hHDKg4LnPnsINJ6mk8dGgTPuQk5iF83kHLIx+EQ6Tqfa9+lAkXUwLzh4dBQfHxw+62Fg==][7SvpwtgnBGLX2MSE2v11TEpZVFckbKQpRTCrmhBZ787th/voF/T7zGL5If8KMN/uqG8QxaAm++kxTsQZNFR7PA==][r+lK1LJrMq/+9Hys9YwmFLrV7GtqvLbC1AM3xoqIDDvzG8Bwmn6kUHmXXv70Qi89uhZpuP3dmtYku/8/06PB8g==][3qpqN8PMNzNinaroWLyWZ+WpgXRBWbFrZ5X34n+1/nPGUTBxiT6d8wuKlXLVhQUjPrn7dZkmzLCwXeUsBL//RQ==]}
{"logTime": "0708/225535", "correlationVector":"C0XesLKEuai1aJMfBPGs6+.4","action":"AAD.GetKeyResponse", "result":"Success", "context":Keys=5.LastKeyStatus=Active. 2026-03-10 19:18:05 -03.State=None. Tags: Current_encryption_keys_tag = OUzvv71RQO+/vSoVbNGf77+9LQ3vv73vv71tfO+/vSPvv73vv73vv71mPu+/vXbvv73vv71ybhw=, Updated_current_encryption_keys_tag = Empty. Emails: ["eduardo.neumann@alunos.sc.senac.br"]}
{"logTime": "0708/225535", "correlationVector":"C0XesLKEuai1aJMfBPGs6+.5","action":"ProcessGetUpdates", "result":"Done", "context":{"dataType":"Encryption Keys", "deleted":"0", "process_failed_to_decrypt":"0", "process_pending_decryption":"0", "process_success":"1", "total":"1"}}
{"logTime": "0708/225535", "correlationVector":"C0XesLKEuai1aJMfBPGs6+","action":"Initial GetUpdates", "result":"", "context":Reason: NEW_CLIENT. cV=C0XesLKEuai1aJMfBPGs6+}
{"logTime": "0708/225535", "correlationVector":"C0XesLKEuai1aJMfBPGs6+.6","action":"GetUpdates Response", "result":"Success", "context":Received 1 update(s). cV=C0XesLKEuai1aJMfBPGs6+.0;server=akswtt00600000b;cloudType=Multitenant;environment=Prod_brazilsouth_prod-s01-001-sam-brazilsouth;migrationStage=NotStarted}
{"logTime": "0708/225535", "correlationVector":"GGbfKngWkmJGz0VbwuAQQO","action":"Initial GetUpdates", "result":"", "context":Reason: NEW_CLIENT. cV=GGbfKngWkmJGz0VbwuAQQO}
{"logTime": "0708/225536", "correlationVector":"GGbfKngWkmJGz0VbwuAQQO.1","action":"SyncServerConnectionManagerRequest", "result":"SYNC_SERVER_OK", "context":{"environment":"Prod_brazilsouth_prod-s01-001-sam-brazilsouth", "migrationStage":"NotStarted", "server":"akswtt006000009"}}
{"logTime": "0708/225536", "correlationVector":"GGbfKngWkmJGz0VbwuAQQO.2","action":"ProcessGetUpdates", "result":"Done", "context":{"dataType":"Passwords", "deleted":"0", "process_failed_to_decrypt":"0", "process_pending_decryption":"0", "process_success":"123", "total":"123"}}
{"logTime": "0708/225536", "correlationVector":"GGbfKngWkmJGz0VbwuAQQO.3","action":"ProcessGetUpdates", "result":"Done", "context":{"dataType":"Device Info", "deleted":"0", "process_failed_to_decrypt":"0", "process_pending_decryption":"0", "process_success":"126", "total":"126"}}
{"logTime": "0708/225536", "correlationVector":"GGbfKngWkmJGz0VbwuAQQO.4","action":"GetUpdates Response", "result":"Success", "context":Received 249 update(s). cV=GGbfKngWkmJGz0VbwuAQQO.0;server=akswtt006000009;cloudType=Multitenant;environment=Prod_brazilsouth_prod-s01-001-sam-brazilsouth;migrationStage=NotStarted Some updates remain.}
{"logTime": "0708/225536", "correlationVector":"2w/x4QSSEViqxEmUyF2XtF","action":"Initial GetUpdates", "result":"", "context":Reason: NEW_CLIENT. cV=2w/x4QSSEViqxEmUyF2XtF}
{"logTime": "0708/225536", "correlationVector":"2w/x4QSSEViqxEmUyF2XtF.1","action":"SyncServerConnectionManagerRequest", "result":"SYNC_SERVER_OK", "context":{"environment":"Prod_brazilsouth_prod-s01-001-sam-brazilsouth", "migrationStage":"NotStarted", "server":"akswtt00600000c"}}
{"logTime": "0708/225536", "correlationVector":"2w/x4QSSEViqxEmUyF2XtF.2","action":"ProcessGetUpdates", "result":"Done", "context":{"dataType":"Passwords", "deleted":"0", "process_failed_to_decrypt":"0", "process_pending_decryption":"0", "process_success":"250", "total":"250"}}
{"logTime": "0708/225536", "correlationVector":"2w/x4QSSEViqxEmUyF2XtF.3","action":"GetUpdates Response", "result":"Success", "context":Received 250 update(s). cV=2w/x4QSSEViqxEmUyF2XtF.0;server=akswtt00600000c;cloudType=Multitenant;environment=Prod_brazilsouth_prod-s01-001-sam-brazilsouth;migrationStage=NotStarted Some updates remain.}
{"logTime": "0708/225536", "correlationVector":"kpzBIgncUwygGCMyDfxjD6","action":"Initial GetUpdates", "result":"", "context":Reason: NEW_CLIENT. cV=kpzBIgncUwygGCMyDfxjD6}
{"logTime": "0708/225536", "correlationVector":"kpzBIgncUwygGCMyDfxjD6.1","action":"SyncServerConnectionManagerRequest", "result":"SYNC_SERVER_OK", "context":{"environment":"Prod_brazilsouth_prod-s01-001-sam-brazilsouth", "migrationStage":"NotStarted", "server":"akswtt00600000l"}}
{"logTime": "0708/225536", "correlationVector":"kpzBIgncUwygGCMyDfxjD6.2","action":"ProcessGetUpdates", "result":"Done", "context":{"dataType":"Passwords", "deleted":"0", "process_failed_to_decrypt":"0", "process_pending_decryption":"0", "process_success":"250", "total":"250"}}
{"logTime": "0708/225536", "correlationVector":"kpzBIgncUwygGCMyDfxjD6.3","action":"GetUpdates Response", "result":"Success", "context":Received 250 update(s). cV=kpzBIgncUwygGCMyDfxjD6.0;server=akswtt00600000l;cloudType=Multitenant;environment=Prod_brazilsouth_prod-s01-001-sam-brazilsouth;migrationStage=NotStarted Some updates remain.}
{"logTime": "0708/225536", "correlationVector":"foXlFXerucCgizrIq2FdSU","action":"Initial GetUpdates", "result":"", "context":Reason: NEW_CLIENT. cV=foXlFXerucCgizrIq2FdSU}
{"logTime": "0708/225537", "correlationVector":"foXlFXerucCgizrIq2FdSU.1","action":"SyncServerConnectionManagerRequest", "result":"SYNC_SERVER_OK", "context":{"environment":"Prod_brazilsouth_prod-s01-001-sam-brazilsouth", "migrationStage":"NotStarted", "server":"akswtt006000008"}}
{"logTime": "0708/225537", "correlationVector":"foXlFXerucCgizrIq2FdSU.2","action":"ProcessGetUpdates", "result":"Done", "context":{"dataType":"Passwords", "deleted":"0", "process_failed_to_decrypt":"0", "process_pending_decryption":"0", "process_success":"233", "total":"233"}}
{"logTime": "0708/225537", "correlationVector":"foXlFXerucCgizrIq2FdSU.3","action":"GetUpdates Response", "result":"Success", "context":Received 233 update(s). cV=foXlFXerucCgizrIq2FdSU.0;server=akswtt006000008;cloudType=Multitenant;environment=Prod_brazilsouth_prod-s01-001-sam-brazilsouth;migrationStage=NotStarted}
{"logTime": "0708/225537", "correlationVector":"WrDns0vxVqr99yisfWX9gk","action":"Initial GetUpdates", "result":"", "context":Reason: NEW_CLIENT. cV=WrDns0vxVqr99yisfWX9gk}
{"logTime": "0708/225537", "correlationVector":"WrDns0vxVqr99yisfWX9gk.1","action":"SyncServerConnectionManagerRequest", "result":"SYNC_SERVER_OK", "context":{"environment":"Prod_brazilsouth_prod-s01-001-sam-brazilsouth", "migrationStage":"NotStarted", "server":"akswtt00600000i"}}
{"logTime": "0708/225537", "correlationVector":"WrDns0vxVqr99yisfWX9gk.2","action":"ProcessGetUpdates", "result":"Done", "context":{"dataType":"Bookmarks", "deleted":"0", "process_failed_to_decrypt":"0", "process_pending_decryption":"0", "process_success":"49", "total":"49"}}
{"logTime": "0708/225537", "correlationVector":"WrDns0vxVqr99yisfWX9gk.3","action":"ProcessGetUpdates", "result":"Done", "context":{"dataType":"Preferences", "deleted":"0", "process_failed_to_decrypt":"0", "process_pending_decryption":"0", "process_success":"88", "total":"88"}}
{"logTime": "0708/225537", "correlationVector":"WrDns0vxVqr99yisfWX9gk.4","action":"ProcessGetUpdates", "result":"Done", "context":{"dataType":"Autofill Profiles", "deleted":"0", "process_failed_to_decrypt":"0", "process_pending_decryption":"0", "process_success":"8", "total":"8"}}
{"logTime": "0708/225537", "correlationVector":"WrDns0vxVqr99yisfWX9gk.5","action":"ProcessGetUpdates", "result":"Done", "context":{"dataType":"Autofill", "deleted":"0", "process_failed_to_decrypt":"0", "process_pending_decryption":"0", "process_success":"99", "total":"99"}}
{"logTime": "0708/225537", "correlationVector":"WrDns0vxVqr99yisfWX9gk.6","action":"GetUpdates Response", "result":"Success", "context":Received 244 update(s). cV=WrDns0vxVqr99yisfWX9gk.0;server=akswtt00600000i;cloudType=Multitenant;environment=Prod_brazilsouth_prod-s01-001-sam-brazilsouth;migrationStage=NotStarted Some updates remain.}
{"logTime": "0708/225537", "correlationVector":"PL0cLS55i5Muf59E3U+gKd","action":"Initial GetUpdates", "result":"", "context":Reason: NEW_CLIENT. cV=PL0cLS55i5Muf59E3U+gKd}
{"logTime": "0708/225537", "correlationVector":"PL0cLS55i5Muf59E3U+gKd.1","action":"SyncServerConnectionManagerRequest", "result":"SYNC_SERVER_OK", "context":{"environment":"Prod_brazilsouth_prod-s01-001-sam-brazilsouth", "migrationStage":"NotStarted", "server":"akswtt00600000l"}}
{"logTime": "0708/225537", "correlationVector":"PL0cLS55i5Muf59E3U+gKd.2","action":"ProcessGetUpdates", "result":"Done", "context":{"dataType":"Autofill", "deleted":"0", "process_failed_to_decrypt":"0", "process_pending_decryption":"0", "process_success":"250", "total":"250"}}
{"logTime": "0708/225537", "correlationVector":"PL0cLS55i5Muf59E3U+gKd.3","action":"GetUpdates Response", "result":"Success", "context":Received 250 update(s). cV=PL0cLS55i5Muf59E3U+gKd.0;server=akswtt00600000l;cloudType=Multitenant;environment=Prod_brazilsouth_prod-s01-001-sam-brazilsouth;migrationStage=NotStarted Some updates remain.}
{"logTime": "0708/225537", "correlationVector":"auhfvj3/XxOOjj+S/zuNCw","action":"Initial GetUpdates", "result":"", "context":Reason: NEW_CLIENT. cV=auhfvj3/XxOOjj+S/zuNCw}
{"logTime": "0708/225538", "correlationVector":"auhfvj3/XxOOjj+S/zuNCw.1","action":"SyncServerConnectionManagerRequest", "result":"SYNC_SERVER_OK", "context":{"environment":"Prod_brazilsouth_prod-s01-001-sam-brazilsouth", "migrationStage":"NotStarted", "server":"akswtt00600000a"}}
{"logTime": "0708/225538", "correlationVector":"auhfvj3/XxOOjj+S/zuNCw.2","action":"ProcessGetUpdates", "result":"Done", "context":{"dataType":"Autofill", "deleted":"0", "process_failed_to_decrypt":"0", "process_pending_decryption":"0", "process_success":"250", "total":"250"}}
{"logTime": "0708/225538", "correlationVector":"auhfvj3/XxOOjj+S/zuNCw.3","action":"GetUpdates Response", "result":"Success", "context":Received 250 update(s). cV=auhfvj3/XxOOjj+S/zuNCw.0;server=akswtt00600000a;cloudType=Multitenant;environment=Prod_brazilsouth_prod-s01-001-sam-brazilsouth;migrationStage=NotStarted Some updates remain.}
{"logTime": "0708/225538", "correlationVector":"wm2HnpXQ4XJ+5EKyV0tj5S","action":"Initial GetUpdates", "result":"", "context":Reason: NEW_CLIENT. cV=wm2HnpXQ4XJ+5EKyV0tj5S}
{"logTime": "0708/225538", "correlationVector":"wm2HnpXQ4XJ+5EKyV0tj5S.1","action":"SyncServerConnectionManagerRequest", "result":"SYNC_SERVER_OK", "context":{"environment":"Prod_brazilsouth_prod-s01-001-sam-brazilsouth", "migrationStage":"NotStarted", "server":"akswtt00600000b"}}
{"logTime": "0708/225538", "correlationVector":"wm2HnpXQ4XJ+5EKyV0tj5S.2","action":"ProcessGetUpdates", "result":"Done", "context":{"dataType":"Autofill", "deleted":"0", "process_failed_to_decrypt":"0", "process_pending_decryption":"0", "process_success":"250", "total":"250"}}
{"logTime": "0708/225538", "correlationVector":"wm2HnpXQ4XJ+5EKyV0tj5S.3","action":"GetUpdates Response", "result":"Success", "context":Received 250 update(s). cV=wm2HnpXQ4XJ+5EKyV0tj5S.0;server=akswtt00600000b;cloudType=Multitenant;environment=Prod_brazilsouth_prod-s01-001-sam-brazilsouth;migrationStage=NotStarted Some updates remain.}
{"logTime": "0708/225538", "correlationVector":"VcfwR6+Rq4UH+H2FbhR/AS","action":"Initial GetUpdates", "result":"", "context":Reason: NEW_CLIENT. cV=VcfwR6+Rq4UH+H2FbhR/AS}
{"logTime": "0708/225538", "correlationVector":"VcfwR6+Rq4UH+H2FbhR/AS.1","action":"SyncServerConnectionManagerRequest", "result":"SYNC_SERVER_OK", "context":{"environment":"Prod_brazilsouth_prod-s01-001-sam-brazilsouth", "migrationStage":"NotStarted", "server":"akswtt00600000q"}}
{"logTime": "0708/225538", "correlationVector":"VcfwR6+Rq4UH+H2FbhR/AS.2","action":"ProcessGetUpdates", "result":"Done", "context":{"dataType":"Bookmarks", "deleted":"0", "process_failed_to_decrypt":"0", "process_pending_decryption":"0", "process_success":"1", "total":"1"}}
{"logTime": "0708/225538", "correlationVector":"VcfwR6+Rq4UH+H2FbhR/AS.3","action":"ProcessGetUpdates", "result":"Done", "context":{"dataType":"Preferences", "deleted":"0", "process_failed_to_decrypt":"0", "process_pending_decryption":"0", "process_success":"4", "total":"4"}}
{"logTime": "0708/225538", "correlationVector":"VcfwR6+Rq4UH+H2FbhR/AS.4","action":"ProcessGetUpdates", "result":"Done", "context":{"dataType":"Autofill", "deleted":"0", "process_failed_to_decrypt":"0", "process_pending_decryption":"0", "process_success":"206", "total":"206"}}
{"logTime": "0708/225538", "correlationVector":"VcfwR6+Rq4UH+H2FbhR/AS.5","action":"ProcessGetUpdates", "result":"Done", "context":{"dataType":"Extensions", "deleted":"0", "process_failed_to_decrypt":"0", "process_pending_decryption":"0", "process_success":"2", "total":"2"}}
{"logTime": "0708/225538", "correlationVector":"VcfwR6+Rq4UH+H2FbhR/AS.6","action":"ProcessGetUpdates", "result":"Done", "context":{"dataType":"Extension settings", "deleted":"0", "process_failed_to_decrypt":"0", "process_pending_decryption":"0", "process_success":"19", "total":"19"}}
{"logTime": "0708/225538", "correlationVector":"VcfwR6+Rq4UH+H2FbhR/AS.7","action":"GetUpdates Response", "result":"Success", "context":Received 232 update(s). cV=VcfwR6+Rq4UH+H2FbhR/AS.0;server=akswtt00600000q;cloudType=Multitenant;environment=Prod_brazilsouth_prod-s01-001-sam-brazilsouth;migrationStage=NotStarted Some updates remain.}
{"logTime": "0708/225538", "correlationVector":"r8aSu8v1pmcoYO/KC78noe","action":"Initial GetUpdates", "result":"", "context":Reason: NEW_CLIENT. cV=r8aSu8v1pmcoYO/KC78noe}
{"logTime": "0708/225538", "correlationVector":"r8aSu8v1pmcoYO/KC78noe.1","action":"SyncServerConnectionManagerRequest", "result":"SYNC_SERVER_OK", "context":{"environment":"Prod_brazilsouth_prod-s01-001-sam-brazilsouth", "migrationStage":"NotStarted", "server":"akswtt006000003"}}
{"logTime": "0708/225538", "correlationVector":"r8aSu8v1pmcoYO/KC78noe.2","action":"ProcessGetUpdates", "result":"Done", "context":{"dataType":"Bookmarks", "deleted":"0", "process_failed_to_decrypt":"0", "process_pending_decryption":"0", "process_success":"1", "total":"1"}}
{"logTime": "0708/225538", "correlationVector":"r8aSu8v1pmcoYO/KC78noe.3","action":"ProcessGetUpdates", "result":"Done", "context":{"dataType":"Autofill", "deleted":"0", "process_failed_to_decrypt":"0", "process_pending_decryption":"0", "process_success":"27", "total":"27"}}
{"logTime": "0708/225538", "correlationVector":"r8aSu8v1pmcoYO/KC78noe.4","action":"ProcessGetUpdates", "result":"Done", "context":{"dataType":"Extensions", "deleted":"0", "process_failed_to_decrypt":"0", "process_pending_decryption":"0", "process_success":"1", "total":"1"}}
{"logTime": "0708/225538", "correlationVector":"r8aSu8v1pmcoYO/KC78noe.5","action":"ProcessGetUpdates", "result":"Done", "context":{"dataType":"Edge Hub App Usage", "deleted":"0", "process_failed_to_decrypt":"0", "process_pending_decryption":"0", "process_success":"10", "total":"10"}}
{"logTime": "0708/225538", "correlationVector":"r8aSu8v1pmcoYO/KC78noe.6","action":"GetUpdates Response", "result":"Success", "context":Received 39 update(s). cV=r8aSu8v1pmcoYO/KC78noe.0;server=akswtt006000003;cloudType=Multitenant;environment=Prod_brazilsouth_prod-s01-001-sam-brazilsouth;migrationStage=NotStarted Some updates remain.}
{"logTime": "0708/225538", "correlationVector":"eExRLs7XbBIDczkoAHurL3","action":"Initial GetUpdates", "result":"", "context":Reason: NEW_CLIENT. cV=eExRLs7XbBIDczkoAHurL3}
{"logTime": "0708/225539", "correlationVector":"eExRLs7XbBIDczkoAHurL3.1","action":"SyncServerConnectionManagerRequest", "result":"SYNC_SERVER_OK", "context":{"environment":"Prod_brazilsouth_prod-s01-001-sam-brazilsouth", "migrationStage":"NotStarted", "server":"akswtt00600000a"}}
{"logTime": "0708/225539", "correlationVector":"eExRLs7XbBIDczkoAHurL3.2","action":"ProcessGetUpdates", "result":"Done", "context":{"dataType":"Bookmarks", "deleted":"0", "process_failed_to_decrypt":"0", "process_pending_decryption":"0", "process_success":"8", "total":"8"}}
{"logTime": "0708/225539", "correlationVector":"eExRLs7XbBIDczkoAHurL3.3","action":"ProcessGetUpdates", "result":"Done", "context":{"dataType":"Autofill", "deleted":"0", "process_failed_to_decrypt":"0", "process_pending_decryption":"0", "process_success":"18", "total":"18"}}
{"logTime": "0708/225539", "correlationVector":"eExRLs7XbBIDczkoAHurL3.4","action":"ProcessGetUpdates", "result":"Done", "context":{"dataType":"Edge Hub App Usage", "deleted":"0", "process_failed_to_decrypt":"0", "process_pending_decryption":"0", "process_success":"1", "total":"1"}}
{"logTime": "0708/225539", "correlationVector":"eExRLs7XbBIDczkoAHurL3.5","action":"GetUpdates Response", "result":"Success", "context":Received 27 update(s). cV=eExRLs7XbBIDczkoAHurL3.0;server=akswtt00600000a;cloudType=Multitenant;environment=Prod_brazilsouth_prod-s01-001-sam-brazilsouth;migrationStage=NotStarted Some updates remain.}
{"logTime": "0708/225539", "correlationVector":"cimiM6eD0kxap0X/xknckJ","action":"Initial GetUpdates", "result":"", "context":Reason: NEW_CLIENT. cV=cimiM6eD0kxap0X/xknckJ}
{"logTime": "0708/225539", "correlationVector":"cimiM6eD0kxap0X/xknckJ.1","action":"SyncServerConnectionManagerRequest", "result":"SYNC_SERVER_OK", "context":{"environment":"Prod_brazilsouth_prod-s01-001-sam-brazilsouth", "migrationStage":"NotStarted", "server":"akswtt00600000f"}}
{"logTime": "0708/225539", "correlationVector":"cimiM6eD0kxap0X/xknckJ.2","action":"ProcessGetUpdates", "result":"Done", "context":{"dataType":"Bookmarks", "deleted":"0", "process_failed_to_decrypt":"0", "process_pending_decryption":"0", "process_success":"1", "total":"1"}}
{"logTime": "0708/225539", "correlationVector":"cimiM6eD0kxap0X/xknckJ.3","action":"ProcessGetUpdates", "result":"Done", "context":{"dataType":"Preferences", "deleted":"0", "process_failed_to_decrypt":"0", "process_pending_decryption":"0", "process_success":"1", "total":"1"}}
{"logTime": "0708/225539", "correlationVector":"cimiM6eD0kxap0X/xknckJ.4","action":"ProcessGetUpdates", "result":"Done", "context":{"dataType":"Autofill", "deleted":"0", "process_failed_to_decrypt":"0", "process_pending_decryption":"0", "process_success":"38", "total":"38"}}
{"logTime": "0708/225539", "correlationVector":"cimiM6eD0kxap0X/xknckJ.5","action":"GetUpdates Response", "result":"Success", "context":Received 40 update(s). cV=cimiM6eD0kxap0X/xknckJ.0;server=akswtt00600000f;cloudType=Multitenant;environment=Prod_brazilsouth_prod-s01-001-sam-brazilsouth;migrationStage=NotStarted Some updates remain.}
{"logTime": "0708/225539", "correlationVector":"br9Fp6m4T6GGGAwTKWsJZQ","action":"Initial GetUpdates", "result":"", "context":Reason: NEW_CLIENT. cV=br9Fp6m4T6GGGAwTKWsJZQ}
{"logTime": "0708/225539", "correlationVector":"br9Fp6m4T6GGGAwTKWsJZQ.1","action":"SyncServerConnectionManagerRequest", "result":"SYNC_SERVER_OK", "context":{"environment":"Prod_brazilsouth_prod-s01-001-sam-brazilsouth", "migrationStage":"NotStarted", "server":"akswtt006000003"}}
{"logTime": "0708/225539", "correlationVector":"br9Fp6m4T6GGGAwTKWsJZQ.2","action":"ProcessGetUpdates", "result":"Done", "context":{"dataType":"Autofill", "deleted":"0", "process_failed_to_decrypt":"0", "process_pending_decryption":"0", "process_success":"40", "total":"40"}}
{"logTime": "0708/225539", "correlationVector":"br9Fp6m4T6GGGAwTKWsJZQ.3","action":"ProcessGetUpdates", "result":"Done", "context":{"dataType":"Edge Hub App Usage", "deleted":"0", "process_failed_to_decrypt":"0", "process_pending_decryption":"0", "process_success":"13", "total":"13"}}
{"logTime": "0708/225539", "correlationVector":"br9Fp6m4T6GGGAwTKWsJZQ.4","action":"GetUpdates Response", "result":"Success", "context":Received 53 update(s). cV=br9Fp6m4T6GGGAwTKWsJZQ.0;server=akswtt006000003;cloudType=Multitenant;environment=Prod_brazilsouth_prod-s01-001-sam-brazilsouth;migrationStage=NotStarted Some updates remain.}
{"logTime": "0708/225539", "correlationVector":"pfr3BFxkgvaMY1jOnMR2Vn","action":"Initial GetUpdates", "result":"", "context":Reason: NEW_CLIENT. cV=pfr3BFxkgvaMY1jOnMR2Vn}
{"logTime": "0708/225540", "correlationVector":"pfr3BFxkgvaMY1jOnMR2Vn.1","action":"SyncServerConnectionManagerRequest", "result":"SYNC_SERVER_OK", "context":{"environment":"Prod_brazilsouth_prod-s01-001-sam-brazilsouth", "migrationStage":"NotStarted", "server":"akswtt00600000a"}}
{"logTime": "0708/225540", "correlationVector":"pfr3BFxkgvaMY1jOnMR2Vn.2","action":"ProcessGetUpdates", "result":"Done", "context":{"dataType":"Preferences", "deleted":"0", "process_failed_to_decrypt":"0", "process_pending_decryption":"0", "process_success":"1", "total":"1"}}
{"logTime": "0708/225540", "correlationVector":"pfr3BFxkgvaMY1jOnMR2Vn.3","action":"ProcessGetUpdates", "result":"Done", "context":{"dataType":"Autofill", "deleted":"0", "process_failed_to_decrypt":"0", "process_pending_decryption":"0", "process_success":"8", "total":"8"}}
{"logTime": "0708/225540", "correlationVector":"pfr3BFxkgvaMY1jOnMR2Vn.4","action":"ProcessGetUpdates", "result":"Done", "context":{"dataType":"Extensions", "deleted":"0", "process_failed_to_decrypt":"0", "process_pending_decryption":"0", "process_success":"3", "total":"3"}}
{"logTime": "0708/225540", "correlationVector":"pfr3BFxkgvaMY1jOnMR2Vn.5","action":"ProcessGetUpdates", "result":"Done", "context":{"dataType":"Edge Hub App Usage", "deleted":"0", "process_failed_to_decrypt":"0", "process_pending_decryption":"0", "process_success":"3", "total":"3"}}
{"logTime": "0708/225540", "correlationVector":"pfr3BFxkgvaMY1jOnMR2Vn.6","action":"GetUpdates Response", "result":"Success", "context":Received 15 update(s). cV=pfr3BFxkgvaMY1jOnMR2Vn.0;server=akswtt00600000a;cloudType=Multitenant;environment=Prod_brazilsouth_prod-s01-001-sam-brazilsouth;migrationStage=NotStarted Some updates remain.}
{"logTime": "0708/225540", "correlationVector":"zbi3R47u1KV5BxDHmdGOCD","action":"Initial GetUpdates", "result":"", "context":Reason: NEW_CLIENT. cV=zbi3R47u1KV5BxDHmdGOCD}
{"logTime": "0708/225540", "correlationVector":"zbi3R47u1KV5BxDHmdGOCD.1","action":"SyncServerConnectionManagerRequest", "result":"SYNC_SERVER_OK", "context":{"environment":"Prod_brazilsouth_prod-s01-001-sam-brazilsouth", "migrationStage":"NotStarted", "server":"akswtt00600000e"}}
{"logTime": "0708/225540", "correlationVector":"zbi3R47u1KV5BxDHmdGOCD.2","action":"ProcessGetUpdates", "result":"Done", "context":{"dataType":"Bookmarks", "deleted":"0", "process_failed_to_decrypt":"0", "process_pending_decryption":"0", "process_success":"8", "total":"8"}}
{"logTime": "0708/225540", "correlationVector":"zbi3R47u1KV5BxDHmdGOCD.3","action":"ProcessGetUpdates", "result":"Done", "context":{"dataType":"Preferences", "deleted":"0", "process_failed_to_decrypt":"0", "process_pending_decryption":"0", "process_success":"1", "total":"1"}}
{"logTime": "0708/225540", "correlationVector":"zbi3R47u1KV5BxDHmdGOCD.4","action":"ProcessGetUpdates", "result":"Done", "context":{"dataType":"Autofill Profiles", "deleted":"0", "process_failed_to_decrypt":"0", "process_pending_decryption":"0", "process_success":"1", "total":"1"}}
{"logTime": "0708/225540", "correlationVector":"zbi3R47u1KV5BxDHmdGOCD.5","action":"ProcessGetUpdates", "result":"Done", "context":{"dataType":"Autofill", "deleted":"0", "process_failed_to_decrypt":"0", "process_pending_decryption":"0", "process_success":"40", "total":"40"}}
{"logTime": "0708/225540", "correlationVector":"zbi3R47u1KV5BxDHmdGOCD.6","action":"ProcessGetUpdates", "result":"Done", "context":{"dataType":"Extension settings", "deleted":"0", "process_failed_to_decrypt":"0", "process_pending_decryption":"0", "process_success":"1", "total":"1"}}
{"logTime": "0708/225540", "correlationVector":"zbi3R47u1KV5BxDHmdGOCD.7","action":"ProcessGetUpdates", "result":"Done", "context":{"dataType":"Edge Hub App Usage", "deleted":"0", "process_failed_to_decrypt":"0", "process_pending_decryption":"0", "process_success":"3", "total":"3"}}
{"logTime": "0708/225540", "correlationVector":"zbi3R47u1KV5BxDHmdGOCD.8","action":"GetUpdates Response", "result":"Success", "context":Received 54 update(s). cV=zbi3R47u1KV5BxDHmdGOCD.0;server=akswtt00600000e;cloudType=Multitenant;environment=Prod_brazilsouth_prod-s01-001-sam-brazilsouth;migrationStage=NotStarted Some updates remain.}
{"logTime": "0708/225540", "correlationVector":"A9fmOtsDpbCt+tGLhbgE7J","action":"Initial GetUpdates", "result":"", "context":Reason: NEW_CLIENT. cV=A9fmOtsDpbCt+tGLhbgE7J}
{"logTime": "0708/225540", "correlationVector":"A9fmOtsDpbCt+tGLhbgE7J.1","action":"SyncServerConnectionManagerRequest", "result":"SYNC_SERVER_OK", "context":{"environment":"Prod_brazilsouth_prod-s01-001-sam-brazilsouth", "migrationStage":"NotStarted", "server":"akswtt00600000a"}}
{"logTime": "0708/225540", "correlationVector":"A9fmOtsDpbCt+tGLhbgE7J.2","action":"ProcessGetUpdates", "result":"Done", "context":{"dataType":"Bookmarks", "deleted":"0", "process_failed_to_decrypt":"0", "process_pending_decryption":"0", "process_success":"2", "total":"2"}}
{"logTime": "0708/225540", "correlationVector":"A9fmOtsDpbCt+tGLhbgE7J.3","action":"ProcessGetUpdates", "result":"Done", "context":{"dataType":"Preferences", "deleted":"0", "process_failed_to_decrypt":"0", "process_pending_decryption":"0", "process_success":"11", "total":"11"}}
{"logTime": "0708/225540", "correlationVector":"A9fmOtsDpbCt+tGLhbgE7J.4","action":"ProcessGetUpdates", "result":"Done", "context":{"dataType":"Autofill Profiles", "deleted":"0", "process_failed_to_decrypt":"0", "process_pending_decryption":"0", "process_success":"1", "total":"1"}}
{"logTime": "0708/225540", "correlationVector":"A9fmOtsDpbCt+tGLhbgE7J.5","action":"ProcessGetUpdates", "result":"Done", "context":{"dataType":"Autofill", "deleted":"0", "process_failed_to_decrypt":"0", "process_pending_decryption":"0", "process_success":"13", "total":"13"}}
{"logTime": "0708/225540", "correlationVector":"A9fmOtsDpbCt+tGLhbgE7J.6","action":"ProcessGetUpdates", "result":"Done", "context":{"dataType":"Extensions", "deleted":"0", "process_failed_to_decrypt":"0", "process_pending_decryption":"0", "process_success":"7", "total":"7"}}
{"logTime": "0708/225540", "correlationVector":"A9fmOtsDpbCt+tGLhbgE7J.7","action":"ProcessGetUpdates", "result":"Done", "context":{"dataType":"Sessions", "deleted":"0", "process_failed_to_decrypt":"0", "process_pending_decryption":"0", "process_success":"47", "total":"47"}}
{"logTime": "0708/225540", "correlationVector":"A9fmOtsDpbCt+tGLhbgE7J.8","action":"ProcessGetUpdates", "result":"Done", "context":{"dataType":"Edge Hub App Usage", "deleted":"0", "process_failed_to_decrypt":"0", "process_pending_decryption":"0", "process_success":"4", "total":"4"}}
{"logTime": "0708/225540", "correlationVector":"A9fmOtsDpbCt+tGLhbgE7J.9","action":"GetUpdates Response", "result":"Success", "context":Received 85 update(s). cV=A9fmOtsDpbCt+tGLhbgE7J.0;server=akswtt00600000a;cloudType=Multitenant;environment=Prod_brazilsouth_prod-s01-001-sam-brazilsouth;migrationStage=NotStarted}
{"logTime": "0708/225540", "correlationVector":"aeo5OIVteXSM24hg+GCKIH","action":"Initial GetUpdates", "result":"", "context":Reason: NEW_CLIENT. cV=aeo5OIVteXSM24hg+GCKIH}
{"logTime": "0708/225541", "correlationVector":"aeo5OIVteXSM24hg+GCKIH.1","action":"SyncServerConnectionManagerRequest", "result":"SYNC_SERVER_OK", "context":{"environment":"Prod_brazilsouth_prod-s01-001-sam-brazilsouth", "migrationStage":"NotStarted", "server":"akswtt00600000q"}}
{"logTime": "0708/225541", "correlationVector":"aeo5OIVteXSM24hg+GCKIH.2","action":"ProcessGetUpdates", "result":"Done", "context":{"dataType":"History", "deleted":"0", "process_failed_to_decrypt":"0", "process_pending_decryption":"0", "process_success":"250", "total":"250"}}
{"logTime": "0708/225541", "correlationVector":"aeo5OIVteXSM24hg+GCKIH.3","action":"GetUpdates Response", "result":"Success", "context":Received 250 update(s). cV=aeo5OIVteXSM24hg+GCKIH.0;server=akswtt00600000q;cloudType=Multitenant;environment=Prod_brazilsouth_prod-s01-001-sam-brazilsouth;migrationStage=NotStarted Some updates remain.}
{"logTime": "0708/225541", "correlationVector":"3aGpTomjrKm1Y02nOQOko8","action":"Initial GetUpdates", "result":"", "context":Reason: NEW_CLIENT. cV=3aGpTomjrKm1Y02nOQOko8}
{"logTime": "0708/225541", "correlationVector":"3aGpTomjrKm1Y02nOQOko8.1","action":"SyncServerConnectionManagerRequest", "result":"SYNC_SERVER_OK", "context":{"environment":"Prod_brazilsouth_prod-s01-001-sam-brazilsouth", "migrationStage":"NotStarted", "server":"akswtt00600000a"}}
{"logTime": "0708/225541", "correlationVector":"3aGpTomjrKm1Y02nOQOko8.2","action":"ProcessGetUpdates", "result":"Done", "context":{"dataType":"History", "deleted":"0", "process_failed_to_decrypt":"0", "process_pending_decryption":"0", "process_success":"250", "total":"250"}}
{"logTime": "0708/225541", "correlationVector":"3aGpTomjrKm1Y02nOQOko8.3","action":"GetUpdates Response", "result":"Success", "context":Received 250 update(s). cV=3aGpTomjrKm1Y02nOQOko8.0;server=akswtt00600000a;cloudType=Multitenant;environment=Prod_brazilsouth_prod-s01-001-sam-brazilsouth;migrationStage=NotStarted Some updates remain.}
{"logTime": "0708/225541", "correlationVector":"ArXO8I9JNqNZH5q0O1wehR","action":"Initial GetUpdates", "result":"", "context":Reason: NEW_CLIENT. cV=ArXO8I9JNqNZH5q0O1wehR}
{"logTime": "0708/225542", "correlationVector":"ArXO8I9JNqNZH5q0O1wehR.1","action":"SyncServerConnectionManagerRequest", "result":"SYNC_SERVER_OK", "context":{"environment":"Prod_brazilsouth_prod-s01-001-sam-brazilsouth", "migrationStage":"NotStarted", "server":"akswtt00600000a"}}
{"logTime": "0708/225542", "correlationVector":"ArXO8I9JNqNZH5q0O1wehR.2","action":"ProcessGetUpdates", "result":"Done", "context":{"dataType":"History", "deleted":"0", "process_failed_to_decrypt":"0", "process_pending_decryption":"0", "process_success":"250", "total":"250"}}
{"logTime": "0708/225542", "correlationVector":"ArXO8I9JNqNZH5q0O1wehR.3","action":"GetUpdates Response", "result":"Success", "context":Received 250 update(s). cV=ArXO8I9JNqNZH5q0O1wehR.0;server=akswtt00600000a;cloudType=Multitenant;environment=Prod_brazilsouth_prod-s01-001-sam-brazilsouth;migrationStage=NotStarted Some updates remain.}
{"logTime": "0708/225542", "correlationVector":"28Mu+NpF3vZPQqTfV9mgDp","action":"Initial GetUpdates", "result":"", "context":Reason: NEW_CLIENT. cV=28Mu+NpF3vZPQqTfV9mgDp}
{"logTime": "0708/225542", "correlationVector":"28Mu+NpF3vZPQqTfV9mgDp.1","action":"SyncServerConnectionManagerRequest", "result":"SYNC_SERVER_OK", "context":{"environment":"Prod_brazilsouth_prod-s01-001-sam-brazilsouth", "migrationStage":"NotStarted", "server":"akswtt00600000q"}}
{"logTime": "0708/225542", "correlationVector":"28Mu+NpF3vZPQqTfV9mgDp.2","action":"ProcessGetUpdates", "result":"Done", "context":{"dataType":"History", "deleted":"0", "process_failed_to_decrypt":"0", "process_pending_decryption":"0", "process_success":"250", "total":"250"}}
{"logTime": "0708/225542", "correlationVector":"28Mu+NpF3vZPQqTfV9mgDp.3","action":"GetUpdates Response", "result":"Success", "context":Received 250 update(s). cV=28Mu+NpF3vZPQqTfV9mgDp.0;server=akswtt00600000q;cloudType=Multitenant;environment=Prod_brazilsouth_prod-s01-001-sam-brazilsouth;migrationStage=NotStarted Some updates remain.}
{"logTime": "0708/225542", "correlationVector":"rmxbnE4ITjuFRNYvkfdQY5","action":"Initial GetUpdates", "result":"", "context":Reason: NEW_CLIENT. cV=rmxbnE4ITjuFRNYvkfdQY5}
{"logTime": "0708/225542", "correlationVector":"rmxbnE4ITjuFRNYvkfdQY5.1","action":"SyncServerConnectionManagerRequest", "result":"SYNC_SERVER_OK", "context":{"environment":"Prod_brazilsouth_prod-s01-001-sam-brazilsouth", "migrationStage":"NotStarted", "server":"akswtt006000006"}}
{"logTime": "0708/225542", "correlationVector":"rmxbnE4ITjuFRNYvkfdQY5.2","action":"ProcessGetUpdates", "result":"Done", "context":{"dataType":"History", "deleted":"0", "process_failed_to_decrypt":"0", "process_pending_decryption":"0", "process_success":"250", "total":"250"}}
{"logTime": "0708/225542", "correlationVector":"rmxbnE4ITjuFRNYvkfdQY5.3","action":"GetUpdates Response", "result":"Success", "context":Received 250 update(s). cV=rmxbnE4ITjuFRNYvkfdQY5.0;server=akswtt006000006;cloudType=Multitenant;environment=Prod_brazilsouth_prod-s01-001-sam-brazilsouth;migrationStage=NotStarted Some updates remain.}
{"logTime": "0708/225542", "correlationVector":"M+Leoh7ocnntbfL8Lm+OsF","action":"Initial GetUpdates", "result":"", "context":Reason: NEW_CLIENT. cV=M+Leoh7ocnntbfL8Lm+OsF}
{"logTime": "0708/225543", "correlationVector":"M+Leoh7ocnntbfL8Lm+OsF.1","action":"SyncServerConnectionManagerRequest", "result":"SYNC_SERVER_OK", "context":{"environment":"Prod_brazilsouth_prod-s01-001-sam-brazilsouth", "migrationStage":"NotStarted", "server":"akswtt00600000a"}}
{"logTime": "0708/225543", "correlationVector":"M+Leoh7ocnntbfL8Lm+OsF.2","action":"ProcessGetUpdates", "result":"Done", "context":{"dataType":"History", "deleted":"0", "process_failed_to_decrypt":"0", "process_pending_decryption":"0", "process_success":"250", "total":"250"}}
{"logTime": "0708/225543", "correlationVector":"M+Leoh7ocnntbfL8Lm+OsF.3","action":"GetUpdates Response", "result":"Success", "context":Received 250 update(s). cV=M+Leoh7ocnntbfL8Lm+OsF.0;server=akswtt00600000a;cloudType=Multitenant;environment=Prod_brazilsouth_prod-s01-001-sam-brazilsouth;migrationStage=NotStarted Some updates remain.}
{"logTime": "0708/225543", "correlationVector":"JZUnnKFfdeDuov9OW3OyLH","action":"Initial GetUpdates", "result":"", "context":Reason: NEW_CLIENT. cV=JZUnnKFfdeDuov9OW3OyLH}
{"logTime": "0708/225543", "correlationVector":"JZUnnKFfdeDuov9OW3OyLH.1","action":"SyncServerConnectionManagerRequest", "result":"SYNC_SERVER_OK", "context":{"environment":"Prod_brazilsouth_prod-s01-001-sam-brazilsouth", "migrationStage":"NotStarted", "server":"akswtt006000003"}}
{"logTime": "0708/225543", "correlationVector":"JZUnnKFfdeDuov9OW3OyLH.2","action":"ProcessGetUpdates", "result":"Done", "context":{"dataType":"History", "deleted":"0", "process_failed_to_decrypt":"0", "process_pending_decryption":"0", "process_success":"250", "total":"250"}}
{"logTime": "0708/225543", "correlationVector":"JZUnnKFfdeDuov9OW3OyLH.3","action":"GetUpdates Response", "result":"Success", "context":Received 250 update(s). cV=JZUnnKFfdeDuov9OW3OyLH.0;server=akswtt006000003;cloudType=Multitenant;environment=Prod_brazilsouth_prod-s01-001-sam-brazilsouth;migrationStage=NotStarted Some updates remain.}
{"logTime": "0708/225543", "correlationVector":"SOhnqwVrdZtgbybXji9LQd","action":"Initial GetUpdates", "result":"", "context":Reason: NEW_CLIENT. cV=SOhnqwVrdZtgbybXji9LQd}
{"logTime": "0708/225543", "correlationVector":"SOhnqwVrdZtgbybXji9LQd.1","action":"SyncServerConnectionManagerRequest", "result":"SYNC_SERVER_OK", "context":{"environment":"Prod_brazilsouth_prod-s01-001-sam-brazilsouth", "migrationStage":"NotStarted", "server":"akswtt00600000a"}}
{"logTime": "0708/225543", "correlationVector":"SOhnqwVrdZtgbybXji9LQd.2","action":"ProcessGetUpdates", "result":"Done", "context":{"dataType":"History", "deleted":"0", "process_failed_to_decrypt":"0", "process_pending_decryption":"0", "process_success":"250", "total":"250"}}
{"logTime": "0708/225543", "correlationVector":"SOhnqwVrdZtgbybXji9LQd.3","action":"GetUpdates Response", "result":"Success", "context":Received 250 update(s). cV=SOhnqwVrdZtgbybXji9LQd.0;server=akswtt00600000a;cloudType=Multitenant;environment=Prod_brazilsouth_prod-s01-001-sam-brazilsouth;migrationStage=NotStarted Some updates remain.}
{"logTime": "0708/225543", "correlationVector":"Bs7UGDHQLUHaxMYDL2K09Z","action":"Initial GetUpdates", "result":"", "context":Reason: NEW_CLIENT. cV=Bs7UGDHQLUHaxMYDL2K09Z}
{"logTime": "0708/225544", "correlationVector":"Bs7UGDHQLUHaxMYDL2K09Z.1","action":"SyncServerConnectionManagerRequest", "result":"SYNC_SERVER_OK", "context":{"environment":"Prod_brazilsouth_prod-s01-001-sam-brazilsouth", "migrationStage":"NotStarted", "server":"akswtt00600000a"}}
{"logTime": "0708/225544", "correlationVector":"Bs7UGDHQLUHaxMYDL2K09Z.2","action":"ProcessGetUpdates", "result":"Done", "context":{"dataType":"History", "deleted":"0", "process_failed_to_decrypt":"0", "process_pending_decryption":"0", "process_success":"250", "total":"250"}}
{"logTime": "0708/225544", "correlationVector":"Bs7UGDHQLUHaxMYDL2K09Z.3","action":"GetUpdates Response", "result":"Success", "context":Received 250 update(s). cV=Bs7UGDHQLUHaxMYDL2K09Z.0;server=akswtt00600000a;cloudType=Multitenant;environment=Prod_brazilsouth_prod-s01-001-sam-brazilsouth;migrationStage=NotStarted Some updates remain.}
{"logTime": "0708/225544", "correlationVector":"EXd4aqO13yG/ctNKn3MYIb","action":"Initial GetUpdates", "result":"", "context":Reason: NEW_CLIENT. cV=EXd4aqO13yG/ctNKn3MYIb}
{"logTime": "0708/225544", "correlationVector":"EXd4aqO13yG/ctNKn3MYIb.1","action":"SyncServerConnectionManagerRequest", "result":"SYNC_SERVER_OK", "context":{"environment":"Prod_brazilsouth_prod-s01-001-sam-brazilsouth", "migrationStage":"NotStarted", "server":"akswtt00600000l"}}
{"logTime": "0708/225544", "correlationVector":"EXd4aqO13yG/ctNKn3MYIb.2","action":"ProcessGetUpdates", "result":"Done", "context":{"dataType":"History", "deleted":"0", "process_failed_to_decrypt":"0", "process_pending_decryption":"0", "process_success":"250", "total":"250"}}
{"logTime": "0708/225544", "correlationVector":"EXd4aqO13yG/ctNKn3MYIb.3","action":"GetUpdates Response", "result":"Success", "context":Received 250 update(s). cV=EXd4aqO13yG/ctNKn3MYIb.0;server=akswtt00600000l;cloudType=Multitenant;environment=Prod_brazilsouth_prod-s01-001-sam-brazilsouth;migrationStage=NotStarted Some updates remain.}
{"logTime": "0708/225544", "correlationVector":"9emkjR4Xc28gq//1nwSflW","action":"Initial GetUpdates", "result":"", "context":Reason: NEW_CLIENT. cV=9emkjR4Xc28gq//1nwSflW}
{"logTime": "0708/225544", "correlationVector":"9emkjR4Xc28gq//1nwSflW.1","action":"SyncServerConnectionManagerRequest", "result":"SYNC_SERVER_OK", "context":{"environment":"Prod_brazilsouth_prod-s01-001-sam-brazilsouth", "migrationStage":"NotStarted", "server":"akswtt006000003"}}
{"logTime": "0708/225544", "correlationVector":"9emkjR4Xc28gq//1nwSflW.2","action":"ProcessGetUpdates", "result":"Done", "context":{"dataType":"History", "deleted":"0", "process_failed_to_decrypt":"0", "process_pending_decryption":"0", "process_success":"250", "total":"250"}}
{"logTime": "0708/225544", "correlationVector":"9emkjR4Xc28gq//1nwSflW.3","action":"GetUpdates Response", "result":"Success", "context":Received 250 update(s). cV=9emkjR4Xc28gq//1nwSflW.0;server=akswtt006000003;cloudType=Multitenant;environment=Prod_brazilsouth_prod-s01-001-sam-brazilsouth;migrationStage=NotStarted Some updates remain.}
{"logTime": "0708/225544", "correlationVector":"z4kgPui21RspqwPevfgsdh","action":"Initial GetUpdates", "result":"", "context":Reason: NEW_CLIENT. cV=z4kgPui21RspqwPevfgsdh}
{"logTime": "0708/225545", "correlationVector":"z4kgPui21RspqwPevfgsdh.1","action":"SyncServerConnectionManagerRequest", "result":"SYNC_SERVER_OK", "context":{"environment":"Prod_brazilsouth_prod-s01-001-sam-brazilsouth", "migrationStage":"NotStarted", "server":"akswtt00600000a"}}
{"logTime": "0708/225545", "correlationVector":"z4kgPui21RspqwPevfgsdh.2","action":"ProcessGetUpdates", "result":"Done", "context":{"dataType":"History", "deleted":"0", "process_failed_to_decrypt":"0", "process_pending_decryption":"0", "process_success":"250", "total":"250"}}
{"logTime": "0708/225545", "correlationVector":"z4kgPui21RspqwPevfgsdh.3","action":"GetUpdates Response", "result":"Success", "context":Received 250 update(s). cV=z4kgPui21RspqwPevfgsdh.0;server=akswtt00600000a;cloudType=Multitenant;environment=Prod_brazilsouth_prod-s01-001-sam-brazilsouth;migrationStage=NotStarted Some updates remain.}
{"logTime": "0708/225545", "correlationVector":"IzKHk5i/AKxxYZl1ZXWWYF","action":"Initial GetUpdates", "result":"", "context":Reason: NEW_CLIENT. cV=IzKHk5i/AKxxYZl1ZXWWYF}
{"logTime": "0708/225545", "correlationVector":"IzKHk5i/AKxxYZl1ZXWWYF.1","action":"SyncServerConnectionManagerRequest", "result":"SYNC_SERVER_OK", "context":{"environment":"Prod_brazilsouth_prod-s01-001-sam-brazilsouth", "migrationStage":"NotStarted", "server":"akswtt006000006"}}
{"logTime": "0708/225545", "correlationVector":"IzKHk5i/AKxxYZl1ZXWWYF.2","action":"ProcessGetUpdates", "result":"Done", "context":{"dataType":"History", "deleted":"0", "process_failed_to_decrypt":"0", "process_pending_decryption":"0", "process_success":"250", "total":"250"}}
{"logTime": "0708/225545", "correlationVector":"IzKHk5i/AKxxYZl1ZXWWYF.3","action":"GetUpdates Response", "result":"Success", "context":Received 250 update(s). cV=IzKHk5i/AKxxYZl1ZXWWYF.0;server=akswtt006000006;cloudType=Multitenant;environment=Prod_brazilsouth_prod-s01-001-sam-brazilsouth;migrationStage=NotStarted Some updates remain.}
{"logTime": "0708/225545", "correlationVector":"7QGuerfGqKVoEVdXTASXoR","action":"Initial GetUpdates", "result":"", "context":Reason: NEW_CLIENT. cV=7QGuerfGqKVoEVdXTASXoR}
{"logTime": "0708/225546", "correlationVector":"7QGuerfGqKVoEVdXTASXoR.1","action":"SyncServerConnectionManagerRequest", "result":"SYNC_SERVER_OK", "context":{"environment":"Prod_brazilsouth_prod-s01-001-sam-brazilsouth", "migrationStage":"NotStarted", "server":"akswtt00600000c"}}
{"logTime": "0708/225546", "correlationVector":"7QGuerfGqKVoEVdXTASXoR.2","action":"ProcessGetUpdates", "result":"Done", "context":{"dataType":"History", "deleted":"0", "process_failed_to_decrypt":"0", "process_pending_decryption":"0", "process_success":"250", "total":"250"}}
{"logTime": "0708/225546", "correlationVector":"7QGuerfGqKVoEVdXTASXoR.3","action":"GetUpdates Response", "result":"Success", "context":Received 250 update(s). cV=7QGuerfGqKVoEVdXTASXoR.0;server=akswtt00600000c;cloudType=Multitenant;environment=Prod_brazilsouth_prod-s01-001-sam-brazilsouth;migrationStage=NotStarted Some updates remain.}
{"logTime": "0708/225546", "correlationVector":"MCGUxkn8U4sYMe7KIz/uRi","action":"Initial GetUpdates", "result":"", "context":Reason: NEW_CLIENT. cV=MCGUxkn8U4sYMe7KIz/uRi}
{"logTime": "0708/225546", "correlationVector":"MCGUxkn8U4sYMe7KIz/uRi.1","action":"SyncServerConnectionManagerRequest", "result":"SYNC_SERVER_OK", "context":{"environment":"Prod_brazilsouth_prod-s01-001-sam-brazilsouth", "migrationStage":"NotStarted", "server":"akswtt00600000f"}}
{"logTime": "0708/225546", "correlationVector":"MCGUxkn8U4sYMe7KIz/uRi.2","action":"ProcessGetUpdates", "result":"Done", "context":{"dataType":"History", "deleted":"0", "process_failed_to_decrypt":"0", "process_pending_decryption":"0", "process_success":"56", "total":"56"}}
{"logTime": "0708/225546", "correlationVector":"MCGUxkn8U4sYMe7KIz/uRi.3","action":"GetUpdates Response", "result":"Success", "context":Received 56 update(s). cV=MCGUxkn8U4sYMe7KIz/uRi.0;server=akswtt00600000f;cloudType=Multitenant;environment=Prod_brazilsouth_prod-s01-001-sam-brazilsouth;migrationStage=NotStarted}
{"logTime": "0708/225546", "correlationVector":"arOygcYIuPqd9XhyhVm5BI","action":"Normal GetUpdate request", "result":"", "context":cV=arOygcYIuPqd9XhyhVm5BI
Nudged types: Preferences, Sessions, Device Info, User Consents, History
Refresh requested types: Bookmarks, Preferences, Passwords, Autofill Profiles, Autofill, Extensions, Sessions, Extension settings, History Delete Directives, Device Info, User Consents, Send Tab To Self, Web Apps, History, Saved Tab Group, WebAuthn Credentials, Edge E Drop, Edge Hub App Usage, Edge Workspace, Encryption Keys}
{"logTime": "0708/225546", "correlationVector":"arOygcYIuPqd9XhyhVm5BI.1","action":"SyncServerConnectionManagerRequest", "result":"SYNC_SERVER_OK", "context":{"environment":"Prod_brazilsouth_prod-s01-001-sam-brazilsouth", "migrationStage":"NotStarted", "server":"akswtt006000003"}}
{"logTime": "0708/225546", "correlationVector":"arOygcYIuPqd9XhyhVm5BI.2","action":"GetUpdates Response", "result":"Success", "context":Received 0 update(s). cV=arOygcYIuPqd9XhyhVm5BI.0;server=akswtt006000003;cloudType=Multitenant;environment=Prod_brazilsouth_prod-s01-001-sam-brazilsouth;migrationStage=NotStarted}
{"logTime": "0708/225546", "correlationVector":"48cAD7FehcKEzmJs38A0c7","action":"Commit Request", "result":"", "context":Item count: 6
Contributing types: Preferences, Sessions, Device Info, User Consents, History}
{"logTime": "0708/225546", "correlationVector":"48cAD7FehcKEzmJs38A0c7.1","action":"SyncServerConnectionManagerRequest", "result":"SYNC_SERVER_OK", "context":{"environment":"Prod_brazilsouth_prod-s01-001-sam-brazilsouth", "migrationStage":"NotStarted", "server":"akswtt00600000a"}}
{"logTime": "0708/225546", "correlationVector":"48cAD7FehcKEzmJs38A0c7.2","action":"Commit Response", "result":"Success", "context":Result: Success. cV=48cAD7FehcKEzmJs38A0c7.0;server=akswtt00600000a;cloudType=Multitenant;environment=Prod_brazilsouth_prod-s01-001-sam-brazilsouth;migrationStage=NotStarted}
{"logTime": "0708/225638", "correlationVector":"mPy1vnI2XzdyGoy30udfql","action":"Commit Request", "result":"", "context":Item count: 40
Contributing types: Passwords}
{"logTime": "0708/225639", "correlationVector":"mPy1vnI2XzdyGoy30udfql.1","action":"SyncServerConnectionManagerRequest", "result":"SYNC_SERVER_OK", "context":{"environment":"Prod_brazilsouth_prod-s01-001-sam-brazilsouth", "migrationStage":"NotStarted", "server":"akswtt00600000f"}}
{"logTime": "0708/225639", "correlationVector":"mPy1vnI2XzdyGoy30udfql.2","action":"Commit Response", "result":"Success", "context":Result: Success. cV=mPy1vnI2XzdyGoy30udfql.0;server=akswtt00600000f;cloudType=Multitenant;environment=Prod_brazilsouth_prod-s01-001-sam-brazilsouth;migrationStage=NotStarted}
{"logTime": "0708/225640", "correlationVector":"uXjAYTqG6yw0KxB0FwGqUK","action":"Commit Request", "result":"", "context":Item count: 40
Contributing types: Passwords}
{"logTime": "0708/225641", "correlationVector":"uXjAYTqG6yw0KxB0FwGqUK.1","action":"SyncServerConnectionManagerRequest", "result":"SYNC_SERVER_OK", "context":{"environment":"Prod_brazilsouth_prod-s01-001-sam-brazilsouth", "migrationStage":"NotStarted", "server":"akswtt00600000q"}}
{"logTime": "0708/225641", "correlationVector":"uXjAYTqG6yw0KxB0FwGqUK.2","action":"Commit Response", "result":"Success", "context":Result: Success. cV=uXjAYTqG6yw0KxB0FwGqUK.0;server=akswtt00600000q;cloudType=Multitenant;environment=Prod_brazilsouth_prod-s01-001-sam-brazilsouth;migrationStage=NotStarted}
{"logTime": "0708/225641", "correlationVector":"NGjNazo3scFS/xngOW1RP4","action":"Commit Request", "result":"", "context":Item count: 40
Contributing types: Passwords}
{"logTime": "0708/225643", "correlationVector":"NGjNazo3scFS/xngOW1RP4.1","action":"SyncServerConnectionManagerRequest", "result":"SYNC_SERVER_OK", "context":{"environment":"Prod_brazilsouth_prod-s01-001-sam-brazilsouth", "migrationStage":"NotStarted", "server":"akswtt00600000i"}}
{"logTime": "0708/225643", "correlationVector":"NGjNazo3scFS/xngOW1RP4.2","action":"Commit Response", "result":"Success", "context":Result: Success. cV=NGjNazo3scFS/xngOW1RP4.0;server=akswtt00600000i;cloudType=Multitenant;environment=Prod_brazilsouth_prod-s01-001-sam-brazilsouth;migrationStage=NotStarted}
{"logTime": "0708/225643", "correlationVector":"33Qy9ypEmX0H6/drMe7YHO","action":"Commit Request", "result":"", "context":Item count: 40
Contributing types: Passwords}
{"logTime": "0708/225644", "correlationVector":"33Qy9ypEmX0H6/drMe7YHO.1","action":"SyncServerConnectionManagerRequest", "result":"SYNC_SERVER_OK", "context":{"environment":"Prod_brazilsouth_prod-s01-001-sam-brazilsouth", "migrationStage":"NotStarted", "server":"akswtt006000003"}}
{"logTime": "0708/225644", "correlationVector":"33Qy9ypEmX0H6/drMe7YHO.2","action":"Commit Response", "result":"Success", "context":Result: Success. cV=33Qy9ypEmX0H6/drMe7YHO.0;server=akswtt006000003;cloudType=Multitenant;environment=Prod_brazilsouth_prod-s01-001-sam-brazilsouth;migrationStage=NotStarted}
{"logTime": "0708/225644", "correlationVector":"0Kzpnu/fOvfqr8vc0/0zKk","action":"Commit Request", "result":"", "context":Item count: 40
Contributing types: Passwords}
{"logTime": "0708/225645", "correlationVector":"0Kzpnu/fOvfqr8vc0/0zKk.1","action":"SyncServerConnectionManagerRequest", "result":"SYNC_SERVER_OK", "context":{"environment":"Prod_brazilsouth_prod-s01-001-sam-brazilsouth", "migrationStage":"NotStarted", "server":"akswtt00600000q"}}
{"logTime": "0708/225645", "correlationVector":"0Kzpnu/fOvfqr8vc0/0zKk.2","action":"Commit Response", "result":"Success", "context":Result: Success. cV=0Kzpnu/fOvfqr8vc0/0zKk.0;server=akswtt00600000q;cloudType=Multitenant;environment=Prod_brazilsouth_prod-s01-001-sam-brazilsouth;migrationStage=NotStarted}
{"logTime": "0708/225645", "correlationVector":"kRsPihWn5GcMA4sPSlQpiI","action":"Commit Request", "result":"", "context":Item count: 40
Contributing types: Passwords}
{"logTime": "0708/225647", "correlationVector":"kRsPihWn5GcMA4sPSlQpiI.1","action":"SyncServerConnectionManagerRequest", "result":"SYNC_SERVER_OK", "context":{"environment":"Prod_brazilsouth_prod-s01-001-sam-brazilsouth", "migrationStage":"NotStarted", "server":"akswtt00600000e"}}
{"logTime": "0708/225647", "correlationVector":"kRsPihWn5GcMA4sPSlQpiI.2","action":"Commit Response", "result":"Success", "context":Result: Success. cV=kRsPihWn5GcMA4sPSlQpiI.0;server=akswtt00600000e;cloudType=Multitenant;environment=Prod_brazilsouth_prod-s01-001-sam-brazilsouth;migrationStage=NotStarted}
{"logTime": "0708/225647", "correlationVector":"sKYdcqeBm+V4zSFma2Rkec","action":"Commit Request", "result":"", "context":Item count: 40
Contributing types: Passwords}
{"logTime": "0708/225648", "correlationVector":"sKYdcqeBm+V4zSFma2Rkec.1","action":"SyncServerConnectionManagerRequest", "result":"SYNC_SERVER_OK", "context":{"environment":"Prod_brazilsouth_prod-s01-001-sam-brazilsouth", "migrationStage":"NotStarted", "server":"akswtt00600000j"}}
{"logTime": "0708/225648", "correlationVector":"sKYdcqeBm+V4zSFma2Rkec.2","action":"Commit Response", "result":"Success", "context":Result: Success. cV=sKYdcqeBm+V4zSFma2Rkec.0;server=akswtt00600000j;cloudType=Multitenant;environment=Prod_brazilsouth_prod-s01-001-sam-brazilsouth;migrationStage=NotStarted}
{"logTime": "0708/225648", "correlationVector":"4LhqzOuTeqvkzwOLxm38m3","action":"Commit Request", "result":"", "context":Item count: 40
Contributing types: Passwords}
{"logTime": "0708/225650", "correlationVector":"4LhqzOuTeqvkzwOLxm38m3.1","action":"SyncServerConnectionManagerRequest", "result":"SYNC_SERVER_OK", "context":{"environment":"Prod_brazilsouth_prod-s01-001-sam-brazilsouth", "migrationStage":"NotStarted", "server":"akswtt00600000a"}}
{"logTime": "0708/225650", "correlationVector":"4LhqzOuTeqvkzwOLxm38m3.2","action":"Commit Response", "result":"Success", "context":Result: Success. cV=4LhqzOuTeqvkzwOLxm38m3.0;server=akswtt00600000a;cloudType=Multitenant;environment=Prod_brazilsouth_prod-s01-001-sam-brazilsouth;migrationStage=NotStarted}
{"logTime": "0708/225650", "correlationVector":"WyVbywsGForpdV1FSS7HAw","action":"Commit Request", "result":"", "context":Item count: 40
Contributing types: Passwords}
{"logTime": "0708/225652", "correlationVector":"WyVbywsGForpdV1FSS7HAw.1","action":"SyncServerConnectionManagerRequest", "result":"SYNC_SERVER_OK", "context":{"environment":"Prod_brazilsouth_prod-s01-001-sam-brazilsouth", "migrationStage":"NotStarted", "server":"akswtt00600000a"}}
{"logTime": "0708/225652", "correlationVector":"WyVbywsGForpdV1FSS7HAw.2","action":"Commit Response", "result":"Success", "context":Result: Success. cV=WyVbywsGForpdV1FSS7HAw.0;server=akswtt00600000a;cloudType=Multitenant;environment=Prod_brazilsouth_prod-s01-001-sam-brazilsouth;migrationStage=NotStarted}
{"logTime": "0708/225652", "correlationVector":"E/68L48mRd2ctw4/PQF82V","action":"Commit Request", "result":"", "context":Item count: 40
Contributing types: Passwords}
{"logTime": "0708/225654", "correlationVector":"E/68L48mRd2ctw4/PQF82V.1","action":"SyncServerConnectionManagerRequest", "result":"SYNC_SERVER_OK", "context":{"environment":"Prod_brazilsouth_prod-s01-001-sam-brazilsouth", "migrationStage":"NotStarted", "server":"akswtt006000002"}}
{"logTime": "0708/225654", "correlationVector":"E/68L48mRd2ctw4/PQF82V.2","action":"Commit Response", "result":"Success", "context":Result: Success. cV=E/68L48mRd2ctw4/PQF82V.0;server=akswtt006000002;cloudType=Multitenant;environment=Prod_brazilsouth_prod-s01-001-sam-brazilsouth;migrationStage=NotStarted}
{"logTime": "0708/225654", "correlationVector":"A49GV2PxBkqjNv9ojiWquC","action":"Commit Request", "result":"", "context":Item count: 40
Contributing types: Passwords}
{"logTime": "0708/225655", "correlationVector":"A49GV2PxBkqjNv9ojiWquC.1","action":"SyncServerConnectionManagerRequest", "result":"SYNC_SERVER_OK", "context":{"environment":"Prod_brazilsouth_prod-s01-001-sam-brazilsouth", "migrationStage":"NotStarted", "server":"akswtt00600000a"}}
{"logTime": "0708/225655", "correlationVector":"A49GV2PxBkqjNv9ojiWquC.2","action":"Commit Response", "result":"Success", "context":Result: Success. cV=A49GV2PxBkqjNv9ojiWquC.0;server=akswtt00600000a;cloudType=Multitenant;environment=Prod_brazilsouth_prod-s01-001-sam-brazilsouth;migrationStage=NotStarted}
{"logTime": "0708/225655", "correlationVector":"J+EuhwUALtJ26HAxH90Gwc","action":"Commit Request", "result":"", "context":Item count: 40
Contributing types: Passwords}
{"logTime": "0708/225657", "correlationVector":"J+EuhwUALtJ26HAxH90Gwc.1","action":"SyncServerConnectionManagerRequest", "result":"SYNC_SERVER_OK", "context":{"environment":"Prod_brazilsouth_prod-s01-001-sam-brazilsouth", "migrationStage":"NotStarted", "server":"akswtt006000002"}}
{"logTime": "0708/225657", "correlationVector":"J+EuhwUALtJ26HAxH90Gwc.2","action":"Commit Response", "result":"Success", "context":Result: Success. cV=J+EuhwUALtJ26HAxH90Gwc.0;server=akswtt006000002;cloudType=Multitenant;environment=Prod_brazilsouth_prod-s01-001-sam-brazilsouth;migrationStage=NotStarted}
{"logTime": "0708/225657", "correlationVector":"9Fb9cgdGQdRAU1zTjiDEKN","action":"Commit Request", "result":"", "context":Item count: 40
Contributing types: Passwords}
{"logTime": "0708/225658", "correlationVector":"9Fb9cgdGQdRAU1zTjiDEKN.1","action":"SyncServerConnectionManagerRequest", "result":"SYNC_SERVER_OK", "context":{"environment":"Prod_brazilsouth_prod-s01-001-sam-brazilsouth", "migrationStage":"NotStarted", "server":"akswtt006000003"}}
{"logTime": "0708/225658", "correlationVector":"9Fb9cgdGQdRAU1zTjiDEKN.2","action":"Commit Response", "result":"Success", "context":Result: Success. cV=9Fb9cgdGQdRAU1zTjiDEKN.0;server=akswtt006000003;cloudType=Multitenant;environment=Prod_brazilsouth_prod-s01-001-sam-brazilsouth;migrationStage=NotStarted}
{"logTime": "0708/225658", "correlationVector":"Ug15lme+tIpPehyniYz+ga","action":"Commit Request", "result":"", "context":Item count: 40
Contributing types: Passwords}
{"logTime": "0708/225700", "correlationVector":"Ug15lme+tIpPehyniYz+ga.1","action":"SyncServerConnectionManagerRequest", "result":"SYNC_SERVER_OK", "context":{"environment":"Prod_brazilsouth_prod-s01-001-sam-brazilsouth", "migrationStage":"NotStarted", "server":"akswtt00600000i"}}
{"logTime": "0708/225700", "correlationVector":"Ug15lme+tIpPehyniYz+ga.2","action":"Commit Response", "result":"Success", "context":Result: Success. cV=Ug15lme+tIpPehyniYz+ga.0;server=akswtt00600000i;cloudType=Multitenant;environment=Prod_brazilsouth_prod-s01-001-sam-brazilsouth;migrationStage=NotStarted}
{"logTime": "0708/225700", "correlationVector":"5INRW0IgEOt5Z8YcQP9kI2","action":"Commit Request", "result":"", "context":Item count: 40
Contributing types: Passwords}
{"logTime": "0708/225701", "correlationVector":"5INRW0IgEOt5Z8YcQP9kI2.1","action":"SyncServerConnectionManagerRequest", "result":"SYNC_SERVER_OK", "context":{"environment":"Prod_brazilsouth_prod-s01-001-sam-brazilsouth", "migrationStage":"NotStarted", "server":"akswtt00600000h"}}
{"logTime": "0708/225701", "correlationVector":"5INRW0IgEOt5Z8YcQP9kI2.2","action":"Commit Response", "result":"Success", "context":Result: Success. cV=5INRW0IgEOt5Z8YcQP9kI2.0;server=akswtt00600000h;cloudType=Multitenant;environment=Prod_brazilsouth_prod-s01-001-sam-brazilsouth;migrationStage=NotStarted}
{"logTime": "0708/225701", "correlationVector":"AXLLYPPdWzG5Z/kiIXbg7m","action":"Commit Request", "result":"", "context":Item count: 40
Contributing types: Passwords}
{"logTime": "0708/225703", "correlationVector":"AXLLYPPdWzG5Z/kiIXbg7m.1","action":"SyncServerConnectionManagerRequest", "result":"SYNC_SERVER_OK", "context":{"environment":"Prod_brazilsouth_prod-s01-001-sam-brazilsouth", "migrationStage":"NotStarted", "server":"akswtt00600000a"}}
{"logTime": "0708/225703", "correlationVector":"AXLLYPPdWzG5Z/kiIXbg7m.2","action":"Commit Response", "result":"Success", "context":Result: Success. cV=AXLLYPPdWzG5Z/kiIXbg7m.0;server=akswtt00600000a;cloudType=Multitenant;environment=Prod_brazilsouth_prod-s01-001-sam-brazilsouth;migrationStage=NotStarted}
{"logTime": "0708/225703", "correlationVector":"KugQV8D10fvr5a2Pyibomn","action":"Commit Request", "result":"", "context":Item count: 40
Contributing types: Passwords}
{"logTime": "0708/225705", "correlationVector":"KugQV8D10fvr5a2Pyibomn.1","action":"SyncServerConnectionManagerRequest", "result":"SYNC_SERVER_OK", "context":{"environment":"Prod_brazilsouth_prod-s01-001-sam-brazilsouth", "migrationStage":"NotStarted", "server":"akswtt00600000a"}}
{"logTime": "0708/225705", "correlationVector":"KugQV8D10fvr5a2Pyibomn.2","action":"Commit Response", "result":"Success", "context":Result: Success. cV=KugQV8D10fvr5a2Pyibomn.0;server=akswtt00600000a;cloudType=Multitenant;environment=Prod_brazilsouth_prod-s01-001-sam-brazilsouth;migrationStage=NotStarted}
{"logTime": "0708/225705", "correlationVector":"1BMAcd6b/SzG47WC1+EhKt","action":"Commit Request", "result":"", "context":Item count: 40
Contributing types: Passwords}
{"logTime": "0708/225707", "correlationVector":"1BMAcd6b/SzG47WC1+EhKt.1","action":"SyncServerConnectionManagerRequest", "result":"SYNC_SERVER_OK", "context":{"environment":"Prod_brazilsouth_prod-s01-001-sam-brazilsouth", "migrationStage":"NotStarted", "server":"akswtt00600000e"}}
{"logTime": "0708/225707", "correlationVector":"1BMAcd6b/SzG47WC1+EhKt.2","action":"Commit Response", "result":"Success", "context":Result: Success. cV=1BMAcd6b/SzG47WC1+EhKt.0;server=akswtt00600000e;cloudType=Multitenant;environment=Prod_brazilsouth_prod-s01-001-sam-brazilsouth;migrationStage=NotStarted}
{"logTime": "0708/225707", "correlationVector":"tiqmpN92cg6u0Tx0Dsnjmc","action":"Commit Request", "result":"", "context":Item count: 40
Contributing types: Passwords}
{"logTime": "0708/225708", "correlationVector":"tiqmpN92cg6u0Tx0Dsnjmc.1","action":"SyncServerConnectionManagerRequest", "result":"SYNC_SERVER_OK", "context":{"environment":"Prod_brazilsouth_prod-s01-001-sam-brazilsouth", "migrationStage":"NotStarted", "server":"akswtt00600000j"}}
{"logTime": "0708/225708", "correlationVector":"tiqmpN92cg6u0Tx0Dsnjmc.2","action":"Commit Response", "result":"Success", "context":Result: Success. cV=tiqmpN92cg6u0Tx0Dsnjmc.0;server=akswtt00600000j;cloudType=Multitenant;environment=Prod_brazilsouth_prod-s01-001-sam-brazilsouth;migrationStage=NotStarted}
{"logTime": "0708/225708", "correlationVector":"HQkMOmCIYrlxZndxW8XWoe","action":"Commit Request", "result":"", "context":Item count: 40
Contributing types: Passwords}
{"logTime": "0708/225710", "correlationVector":"HQkMOmCIYrlxZndxW8XWoe.1","action":"SyncServerConnectionManagerRequest", "result":"SYNC_SERVER_OK", "context":{"environment":"Prod_brazilsouth_prod-s01-001-sam-brazilsouth", "migrationStage":"NotStarted", "server":"akswtt006000003"}}
{"logTime": "0708/225710", "correlationVector":"HQkMOmCIYrlxZndxW8XWoe.2","action":"Commit Response", "result":"Success", "context":Result: Success. cV=HQkMOmCIYrlxZndxW8XWoe.0;server=akswtt006000003;cloudType=Multitenant;environment=Prod_brazilsouth_prod-s01-001-sam-brazilsouth;migrationStage=NotStarted}
{"logTime": "0708/225710", "correlationVector":"EV4Ivkr2r3P84VF2vXRsnL","action":"Commit Request", "result":"", "context":Item count: 18
Contributing types: Passwords}
{"logTime": "0708/225711", "correlationVector":"EV4Ivkr2r3P84VF2vXRsnL.1","action":"SyncServerConnectionManagerRequest", "result":"SYNC_SERVER_OK", "context":{"environment":"Prod_brazilsouth_prod-s01-001-sam-brazilsouth", "migrationStage":"NotStarted", "server":"akswtt006000003"}}
{"logTime": "0708/225711", "correlationVector":"EV4Ivkr2r3P84VF2vXRsnL.2","action":"Commit Response", "result":"Success", "context":Result: Success. cV=EV4Ivkr2r3P84VF2vXRsnL.0;server=akswtt006000003;cloudType=Multitenant;environment=Prod_brazilsouth_prod-s01-001-sam-brazilsouth;migrationStage=NotStarted}
{"logTime": "0708/225933", "correlationVector":"S2rZXU6+TYxwwqOMlWh//C","action":"Commit Request", "result":"", "context":Item count: 4
Contributing types: Preferences, Sessions, History}
{"logTime": "0708/225933", "correlationVector":"S2rZXU6+TYxwwqOMlWh//C.1","action":"SyncServerConnectionManagerRequest", "result":"SYNC_SERVER_OK", "context":{"environment":"Prod_brazilsouth_prod-s01-001-sam-brazilsouth", "migrationStage":"NotStarted", "server":"akswtt00600000m"}}
{"logTime": "0708/225933", "correlationVector":"S2rZXU6+TYxwwqOMlWh//C.2","action":"Commit Response", "result":"Success", "context":Result: Success. cV=S2rZXU6+TYxwwqOMlWh//C.0;server=akswtt00600000m;cloudType=Multitenant;environment=Prod_brazilsouth_prod-s01-001-sam-brazilsouth;migrationStage=NotStarted}
{"logTime": "0708/230006", "correlationVector":"M50KIZgxFMC8FSll92g2u/.1","action":"SyncServerConnectionManagerRequest", "result":"SYNC_SERVER_OK", "context":{"environment":"Prod_brazilsouth_prod-s01-001-sam-brazilsouth", "migrationStage":"NotStarted", "server":"akswtt00600000b"}}
{"logTime": "0708/230007", "correlationVector":"M50KIZgxFMC8FSll92g2u/.2","action":"AAD.Mip.Unpack", "result":"Success", "context":MIP_CLOUD_COMMERCIAL:Success}
{"logTime": "0708/230007", "correlationVector":"M50KIZgxFMC8FSll92g2u/.3","action":"EncryptionKeysManager::SetEncryptionKeys:", "result":"Success", "context":Key names[5]:[CelT6vVcCpJTdc3gmrh2mN0DDwHCnyXlA7oJghb1kXzIa/tRyoEqyj1SYPq6BCyCfPxHVk/7WBQsx3zI/ZcMKQ==][sOCqhtLAcyrZ2FwAt5hHDKg4LnPnsINJ6mk8dGgTPuQk5iF83kHLIx+EQ6Tqfa9+lAkXUwLzh4dBQfHxw+62Fg==][7SvpwtgnBGLX2MSE2v11TEpZVFckbKQpRTCrmhBZ787th/voF/T7zGL5If8KMN/uqG8QxaAm++kxTsQZNFR7PA==][r+lK1LJrMq/+9Hys9YwmFLrV7GtqvLbC1AM3xoqIDDvzG8Bwmn6kUHmXXv70Qi89uhZpuP3dmtYku/8/06PB8g==][3qpqN8PMNzNinaroWLyWZ+WpgXRBWbFrZ5X34n+1/nPGUTBxiT6d8wuKlXLVhQUjPrn7dZkmzLCwXeUsBL//RQ==]}
{"logTime": "0708/230007", "correlationVector":"M50KIZgxFMC8FSll92g2u/.4","action":"AAD.GetKeyResponse", "result":"Success", "context":Keys=5.LastKeyStatus=Active. 2026-03-10 19:18:05 -03.State=None. Tags: Current_encryption_keys_tag = OUzvv71RQO+/vSoVbNGf77+9LQ3vv73vv71tfO+/vSPvv73vv73vv71mPu+/vXbvv73vv71ybhw=, Updated_current_encryption_keys_tag = Empty. Emails: ["eduardo.neumann@alunos.sc.senac.br"]}
{"logTime": "0708/230007", "correlationVector":"M50KIZgxFMC8FSll92g2u/.5","action":"ProcessGetUpdates", "result":"Done", "context":{"dataType":"Encryption Keys", "deleted":"0", "process_failed_to_decrypt":"0", "process_pending_decryption":"0", "process_success":"1", "total":"1"}}
{"logTime": "0708/230007", "correlationVector":"M50KIZgxFMC8FSll92g2u/","action":"Initial GetUpdates", "result":"", "context":Reason: NEW_CLIENT. cV=M50KIZgxFMC8FSll92g2u/}
{"logTime": "0708/230007", "correlationVector":"M50KIZgxFMC8FSll92g2u/.6","action":"GetUpdates Response", "result":"Success", "context":Received 1 update(s). cV=M50KIZgxFMC8FSll92g2u/.0;server=akswtt00600000b;cloudType=Multitenant;environment=Prod_brazilsouth_prod-s01-001-sam-brazilsouth;migrationStage=NotStarted}
{"logTime": "0708/230007", "correlationVector":"bUmJhLbMKL5+mbMQ5/yo/W","action":"Initial GetUpdates", "result":"", "context":Reason: NEWLY_SUPPORTED_DATATYPE. cV=bUmJhLbMKL5+mbMQ5/yo/W}
{"logTime": "0708/230007", "correlationVector":"bUmJhLbMKL5+mbMQ5/yo/W.1","action":"SyncServerConnectionManagerRequest", "result":"SYNC_SERVER_OK", "context":{"environment":"Prod_brazilsouth_prod-s01-034-sam-brazilsouth", "migrationStage":"NotStarted", "server":"akswtt10200000i"}}
{"logTime": "0708/230007", "correlationVector":"bUmJhLbMKL5+mbMQ5/yo/W.2","action":"ProcessGetUpdates", "result":"Done", "context":{"dataType":"Passwords", "deleted":"1", "process_failed_to_decrypt":"0", "process_pending_decryption":"0", "process_success":"250", "total":"250"}}
{"logTime": "0708/230007", "correlationVector":"bUmJhLbMKL5+mbMQ5/yo/W.3","action":"GetUpdates Response", "result":"Success", "context":Received 250 update(s). cV=bUmJhLbMKL5+mbMQ5/yo/W.0;server=akswtt10200000i;cloudType=Multitenant;environment=Prod_brazilsouth_prod-s01-034-sam-brazilsouth;migrationStage=NotStarted Some updates remain.}
{"logTime": "0708/230007", "correlationVector":"XtIjF0Zf95Q7p2IcgPBabp","action":"Initial GetUpdates", "result":"", "context":Reason: NEWLY_SUPPORTED_DATATYPE. cV=XtIjF0Zf95Q7p2IcgPBabp}
{"logTime": "0708/230008", "correlationVector":"XtIjF0Zf95Q7p2IcgPBabp.1","action":"SyncServerConnectionManagerRequest", "result":"SYNC_SERVER_OK", "context":{"environment":"Prod_brazilsouth_prod-s01-034-sam-brazilsouth", "migrationStage":"NotStarted", "server":"akswtt10200000l"}}
{"logTime": "0708/230008", "correlationVector":"XtIjF0Zf95Q7p2IcgPBabp.2","action":"ProcessGetUpdates", "result":"Done", "context":{"dataType":"Passwords", "deleted":"0", "process_failed_to_decrypt":"0", "process_pending_decryption":"0", "process_success":"250", "total":"250"}}
{"logTime": "0708/230008", "correlationVector":"XtIjF0Zf95Q7p2IcgPBabp.3","action":"GetUpdates Response", "result":"Success", "context":Received 250 update(s). cV=XtIjF0Zf95Q7p2IcgPBabp.0;server=akswtt10200000l;cloudType=Multitenant;environment=Prod_brazilsouth_prod-s01-034-sam-brazilsouth;migrationStage=NotStarted Some updates remain.}
{"logTime": "0708/230008", "correlationVector":"iEQUHZta3T9hMgx7tZdtPC","action":"Initial GetUpdates", "result":"", "context":Reason: NEWLY_SUPPORTED_DATATYPE. cV=iEQUHZta3T9hMgx7tZdtPC}
{"logTime": "0708/230008", "correlationVector":"iEQUHZta3T9hMgx7tZdtPC.1","action":"SyncServerConnectionManagerRequest", "result":"SYNC_SERVER_OK", "context":{"environment":"Prod_brazilsouth_prod-s01-034-sam-brazilsouth", "migrationStage":"NotStarted", "server":"akswtt10200000p"}}
{"logTime": "0708/230008", "correlationVector":"iEQUHZta3T9hMgx7tZdtPC.2","action":"ProcessGetUpdates", "result":"Done", "context":{"dataType":"Passwords", "deleted":"0", "process_failed_to_decrypt":"0", "process_pending_decryption":"0", "process_success":"250", "total":"250"}}
{"logTime": "0708/230008", "correlationVector":"iEQUHZta3T9hMgx7tZdtPC.3","action":"GetUpdates Response", "result":"Success", "context":Received 250 update(s). cV=iEQUHZta3T9hMgx7tZdtPC.0;server=akswtt10200000p;cloudType=Multitenant;environment=Prod_brazilsouth_prod-s01-034-sam-brazilsouth;migrationStage=NotStarted Some updates remain.}
{"logTime": "0708/230008", "correlationVector":"I70Fy2eUWVS215i7f9s+jD","action":"Initial GetUpdates", "result":"", "context":Reason: NEWLY_SUPPORTED_DATATYPE. cV=I70Fy2eUWVS215i7f9s+jD}
{"logTime": "0708/230008", "correlationVector":"I70Fy2eUWVS215i7f9s+jD.1","action":"SyncServerConnectionManagerRequest", "result":"SYNC_SERVER_OK", "context":{"environment":"Prod_brazilsouth_prod-s01-034-sam-brazilsouth", "migrationStage":"NotStarted", "server":"akswtt10200000e"}}
{"logTime": "0708/230008", "correlationVector":"I70Fy2eUWVS215i7f9s+jD.2","action":"ProcessGetUpdates", "result":"Done", "context":{"dataType":"Passwords", "deleted":"0", "process_failed_to_decrypt":"0", "process_pending_decryption":"0", "process_success":"107", "total":"107"}}
{"logTime": "0708/230008", "correlationVector":"I70Fy2eUWVS215i7f9s+jD.3","action":"GetUpdates Response", "result":"Success", "context":Received 107 update(s). cV=I70Fy2eUWVS215i7f9s+jD.0;server=akswtt10200000e;cloudType=Multitenant;environment=Prod_brazilsouth_prod-s01-034-sam-brazilsouth;migrationStage=NotStarted}
{"logTime": "0708/230011", "correlationVector":"6Zo1tJ2+XoNv/i4Y6Dl0gC","action":"Normal GetUpdate request", "result":"", "context":cV=6Zo1tJ2+XoNv/i4Y6Dl0gC
Nudged types: Sessions, History
Refresh requested types: Bookmarks, Preferences, Passwords, Autofill Profiles, Autofill, Extensions, Sessions, Extension settings, History Delete Directives, Device Info, User Consents, Send Tab To Self, Web Apps, History, Saved Tab Group, WebAuthn Credentials, Edge E Drop, Edge Hub App Usage, Edge Workspace, Encryption Keys}
{"logTime": "0708/230012", "correlationVector":"6Zo1tJ2+XoNv/i4Y6Dl0gC.1","action":"SyncServerConnectionManagerRequest", "result":"SYNC_SERVER_OK", "context":{"environment":"Prod_brazilsouth_prod-s01-001-sam-brazilsouth", "migrationStage":"NotStarted", "server":"akswtt00600000i"}}
{"logTime": "0708/230012", "correlationVector":"6Zo1tJ2+XoNv/i4Y6Dl0gC.2","action":"ProcessGetUpdates", "result":"Done", "context":{"dataType":"Sessions", "deleted":"0", "process_failed_to_decrypt":"0", "process_pending_decryption":"0", "process_success":"2", "total":"2"}}
{"logTime": "0708/230012", "correlationVector":"6Zo1tJ2+XoNv/i4Y6Dl0gC.3","action":"ProcessGetUpdates", "result":"Done", "context":{"dataType":"Device Info", "deleted":"0", "process_failed_to_decrypt":"0", "process_pending_decryption":"0", "process_success":"1", "total":"1"}}
{"logTime": "0708/230012", "correlationVector":"6Zo1tJ2+XoNv/i4Y6Dl0gC.4","action":"GetUpdates Response", "result":"Success", "context":Received 3 update(s). cV=6Zo1tJ2+XoNv/i4Y6Dl0gC.0;server=akswtt00600000i;cloudType=Multitenant;environment=Prod_brazilsouth_prod-s01-001-sam-brazilsouth;migrationStage=NotStarted Some updates remain.}
{"logTime": "0708/230012", "correlationVector":"+G5i/eti9q5oHDpny4Be6d","action":"Normal GetUpdate request", "result":"", "context":cV=+G5i/eti9q5oHDpny4Be6d
Nudged types: Sessions, History
Refresh requested types: Bookmarks, Preferences, Passwords, Autofill Profiles, Autofill, Extensions, Sessions, Extension settings, History Delete Directives, Device Info, User Consents, Send Tab To Self, Web Apps, History, Saved Tab Group, WebAuthn Credentials, Edge E Drop, Edge Hub App Usage, Edge Workspace, Encryption Keys}
{"logTime": "0708/230012", "correlationVector":"+G5i/eti9q5oHDpny4Be6d.1","action":"SyncServerConnectionManagerRequest", "result":"SYNC_SERVER_OK", "context":{"environment":"Prod_brazilsouth_prod-s01-001-sam-brazilsouth", "migrationStage":"NotStarted", "server":"akswtt00600000f"}}
{"logTime": "0708/230012", "correlationVector":"+G5i/eti9q5oHDpny4Be6d.2","action":"ProcessGetUpdates", "result":"Done", "context":{"dataType":"Preferences", "deleted":"0", "process_failed_to_decrypt":"0", "process_pending_decryption":"0", "process_success":"1", "total":"1"}}
{"logTime": "0708/230012", "correlationVector":"+G5i/eti9q5oHDpny4Be6d.3","action":"ProcessGetUpdates", "result":"Done", "context":{"dataType":"Sessions", "deleted":"0", "process_failed_to_decrypt":"0", "process_pending_decryption":"0", "process_success":"1", "total":"1"}}
{"logTime": "0708/230012", "correlationVector":"+G5i/eti9q5oHDpny4Be6d.4","action":"ProcessGetUpdates", "result":"Done", "context":{"dataType":"History", "deleted":"0", "process_failed_to_decrypt":"0", "process_pending_decryption":"0", "process_success":"2", "total":"2"}}
{"logTime": "0708/230012", "correlationVector":"+G5i/eti9q5oHDpny4Be6d.5","action":"GetUpdates Response", "result":"Success", "context":Received 4 update(s). cV=+G5i/eti9q5oHDpny4Be6d.0;server=akswtt00600000f;cloudType=Multitenant;environment=Prod_brazilsouth_prod-s01-001-sam-brazilsouth;migrationStage=NotStarted}
{"logTime": "0708/230012", "correlationVector":"mJFvz12QAVVO5XVTu/gDzi","action":"Commit Request", "result":"", "context":Item count: 4
Contributing types: Sessions, History}
{"logTime": "0708/230013", "correlationVector":"mJFvz12QAVVO5XVTu/gDzi.1","action":"SyncServerConnectionManagerRequest", "result":"SYNC_SERVER_OK", "context":{"environment":"Prod_brazilsouth_prod-s01-001-sam-brazilsouth", "migrationStage":"NotStarted", "server":"akswtt00600000i"}}
{"logTime": "0708/230013", "correlationVector":"mJFvz12QAVVO5XVTu/gDzi.2","action":"Commit Response", "result":"Success", "context":Result: Success. cV=mJFvz12QAVVO5XVTu/gDzi.0;server=akswtt00600000i;cloudType=Multitenant;environment=Prod_brazilsouth_prod-s01-001-sam-brazilsouth;migrationStage=NotStarted}
{"logTime": "0708/230034", "correlationVector":"Izz2TMK1q4m2JluKRKxHBn","action":"Commit Request", "result":"", "context":Item count: 40
Contributing types: Passwords}
{"logTime": "0708/230036", "correlationVector":"Izz2TMK1q4m2JluKRKxHBn.1","action":"SyncServerConnectionManagerRequest", "result":"SYNC_SERVER_OK", "context":{"environment":"Prod_brazilsouth_prod-s01-001-sam-brazilsouth", "migrationStage":"NotStarted", "server":"akswtt00600000j"}}
{"logTime": "0708/230036", "correlationVector":"Izz2TMK1q4m2JluKRKxHBn.2","action":"Commit Response", "result":"Success", "context":Result: Success. cV=Izz2TMK1q4m2JluKRKxHBn.0;server=akswtt00600000j;cloudType=Multitenant;environment=Prod_brazilsouth_prod-s01-001-sam-brazilsouth;migrationStage=NotStarted}
{"logTime": "0708/230036", "correlationVector":"1z9jmrnfcsghvn5yFbtG54","action":"Commit Request", "result":"", "context":Item count: 40
Contributing types: Passwords}
{"logTime": "0708/230037", "correlationVector":"1z9jmrnfcsghvn5yFbtG54.1","action":"SyncServerConnectionManagerRequest", "result":"SYNC_SERVER_OK", "context":{"environment":"Prod_brazilsouth_prod-s01-001-sam-brazilsouth", "migrationStage":"NotStarted", "server":"akswtt00600000i"}}
{"logTime": "0708/230037", "correlationVector":"1z9jmrnfcsghvn5yFbtG54.2","action":"Commit Response", "result":"Success", "context":Result: Success. cV=1z9jmrnfcsghvn5yFbtG54.0;server=akswtt00600000i;cloudType=Multitenant;environment=Prod_brazilsouth_prod-s01-001-sam-brazilsouth;migrationStage=NotStarted}
{"logTime": "0708/230037", "correlationVector":"WG88KpZ6i/Xwt4a4L4vwPx","action":"Commit Request", "result":"", "context":Item count: 40
Contributing types: Passwords}
{"logTime": "0708/230039", "correlationVector":"WG88KpZ6i/Xwt4a4L4vwPx.1","action":"SyncServerConnectionManagerRequest", "result":"SYNC_SERVER_OK", "context":{"environment":"Prod_brazilsouth_prod-s01-001-sam-brazilsouth", "migrationStage":"NotStarted", "server":"akswtt00600000a"}}
{"logTime": "0708/230039", "correlationVector":"WG88KpZ6i/Xwt4a4L4vwPx.2","action":"Commit Response", "result":"Success", "context":Result: Success. cV=WG88KpZ6i/Xwt4a4L4vwPx.0;server=akswtt00600000a;cloudType=Multitenant;environment=Prod_brazilsouth_prod-s01-001-sam-brazilsouth;migrationStage=NotStarted}
{"logTime": "0708/230039", "correlationVector":"nKhY4k+W2QKRfFM9fwmL7E","action":"Commit Request", "result":"", "context":Item count: 40
Contributing types: Passwords}
{"logTime": "0708/230041", "correlationVector":"nKhY4k+W2QKRfFM9fwmL7E.1","action":"SyncServerConnectionManagerRequest", "result":"SYNC_SERVER_OK", "context":{"environment":"Prod_brazilsouth_prod-s01-001-sam-brazilsouth", "migrationStage":"NotStarted", "server":"akswtt00600000i"}}
{"logTime": "0708/230041", "correlationVector":"nKhY4k+W2QKRfFM9fwmL7E.2","action":"Commit Response", "result":"Success", "context":Result: Success. cV=nKhY4k+W2QKRfFM9fwmL7E.0;server=akswtt00600000i;cloudType=Multitenant;environment=Prod_brazilsouth_prod-s01-001-sam-brazilsouth;migrationStage=NotStarted}
{"logTime": "0708/230041", "correlationVector":"hRaH2DXBgwjhGq1hVZE2fh","action":"Commit Request", "result":"", "context":Item count: 40
Contributing types: Passwords}
{"logTime": "0708/230042", "correlationVector":"hRaH2DXBgwjhGq1hVZE2fh.1","action":"SyncServerConnectionManagerRequest", "result":"SYNC_SERVER_OK", "context":{"environment":"Prod_brazilsouth_prod-s01-001-sam-brazilsouth", "migrationStage":"NotStarted", "server":"akswtt006000007"}}
{"logTime": "0708/230042", "correlationVector":"hRaH2DXBgwjhGq1hVZE2fh.2","action":"Commit Response", "result":"Success", "context":Result: Success. cV=hRaH2DXBgwjhGq1hVZE2fh.0;server=akswtt006000007;cloudType=Multitenant;environment=Prod_brazilsouth_prod-s01-001-sam-brazilsouth;migrationStage=NotStarted}
{"logTime": "0708/230042", "correlationVector":"f0zr6itR0B44JL9tWMC4q5","action":"Commit Request", "result":"", "context":Item count: 40
Contributing types: Passwords}
{"logTime": "0708/230044", "correlationVector":"f0zr6itR0B44JL9tWMC4q5.1","action":"SyncServerConnectionManagerRequest", "result":"SYNC_SERVER_OK", "context":{"environment":"Prod_brazilsouth_prod-s01-001-sam-brazilsouth", "migrationStage":"NotStarted", "server":"akswtt006000000"}}
{"logTime": "0708/230044", "correlationVector":"f0zr6itR0B44JL9tWMC4q5.2","action":"Commit Response", "result":"Success", "context":Result: Success. cV=f0zr6itR0B44JL9tWMC4q5.0;server=akswtt006000000;cloudType=Multitenant;environment=Prod_brazilsouth_prod-s01-001-sam-brazilsouth;migrationStage=NotStarted}
{"logTime": "0708/230044", "correlationVector":"U2VEpl9sxxX8qRY2x07ehq","action":"Commit Request", "result":"", "context":Item count: 40
Contributing types: Passwords}
{"logTime": "0708/230046", "correlationVector":"U2VEpl9sxxX8qRY2x07ehq.1","action":"SyncServerConnectionManagerRequest", "result":"SYNC_SERVER_OK", "context":{"environment":"Prod_brazilsouth_prod-s01-001-sam-brazilsouth", "migrationStage":"NotStarted", "server":"akswtt00600000i"}}
{"logTime": "0708/230046", "correlationVector":"U2VEpl9sxxX8qRY2x07ehq.2","action":"Commit Response", "result":"Success", "context":Result: Success. cV=U2VEpl9sxxX8qRY2x07ehq.0;server=akswtt00600000i;cloudType=Multitenant;environment=Prod_brazilsouth_prod-s01-001-sam-brazilsouth;migrationStage=NotStarted}
{"logTime": "0708/230046", "correlationVector":"2SQSGp6WKMOMfUVjOfQZLN","action":"Commit Request", "result":"", "context":Item count: 23
Contributing types: Preferences, Passwords, Sessions, History}
{"logTime": "0708/230047", "correlationVector":"2SQSGp6WKMOMfUVjOfQZLN.1","action":"SyncServerConnectionManagerRequest", "result":"SYNC_SERVER_OK", "context":{"environment":"Prod_brazilsouth_prod-s01-001-sam-brazilsouth", "migrationStage":"NotStarted", "server":"akswtt006000007"}}
{"logTime": "0708/230047", "correlationVector":"2SQSGp6WKMOMfUVjOfQZLN.2","action":"Commit Response", "result":"Success", "context":Result: Success. cV=2SQSGp6WKMOMfUVjOfQZLN.0;server=akswtt006000007;cloudType=Multitenant;environment=Prod_brazilsouth_prod-s01-001-sam-brazilsouth;migrationStage=NotStarted}
{"logTime": "0708/230338", "correlationVector":"dzwtmNAlrC4wpH7ohJYoyt","action":"Commit Request", "result":"", "context":Item count: 4
Contributing types: Sessions, History}
{"logTime": "0708/230338", "correlationVector":"dzwtmNAlrC4wpH7ohJYoyt.1","action":"SyncServerConnectionManagerRequest", "result":"SYNC_SERVER_OK", "context":{"environment":"Prod_brazilsouth_prod-s01-001-sam-brazilsouth", "migrationStage":"NotStarted", "server":"akswtt006000009"}}
{"logTime": "0708/230338", "correlationVector":"dzwtmNAlrC4wpH7ohJYoyt.2","action":"Commit Response", "result":"Success", "context":Result: Success. cV=dzwtmNAlrC4wpH7ohJYoyt.0;server=akswtt006000009;cloudType=Multitenant;environment=Prod_brazilsouth_prod-s01-001-sam-brazilsouth;migrationStage=NotStarted}
{"logTime": "0708/230500", "correlationVector":"DNs093NFB7C94kg6FL3PYB","action":"Commit Request", "result":"", "context":Item count: 3
Contributing types: Sessions, History}
{"logTime": "0708/230500", "correlationVector":"DNs093NFB7C94kg6FL3PYB.1","action":"SyncServerConnectionManagerRequest", "result":"SYNC_SERVER_OK", "context":{"environment":"Prod_brazilsouth_prod-s01-001-sam-brazilsouth", "migrationStage":"NotStarted", "server":"akswtt006000002"}}
{"logTime": "0708/230500", "correlationVector":"DNs093NFB7C94kg6FL3PYB.2","action":"Commit Response", "result":"Success", "context":Result: Success. cV=DNs093NFB7C94kg6FL3PYB.0;server=akswtt006000002;cloudType=Multitenant;environment=Prod_brazilsouth_prod-s01-001-sam-brazilsouth;migrationStage=NotStarted}
{"logTime": "0708/230709", "correlationVector":"9AkiYsYhJlt2XqrYUwtHlP","action":"Commit Request", "result":"", "context":Item count: 4
Contributing types: Sessions, History}
{"logTime": "0708/230709", "correlationVector":"9AkiYsYhJlt2XqrYUwtHlP.1","action":"SyncServerConnectionManagerRequest", "result":"SYNC_SERVER_OK", "context":{"environment":"Prod_brazilsouth_prod-s01-034-sam-brazilsouth", "migrationStage":"NotStarted", "server":"akswtt10200000l"}}
{"logTime": "0708/230709", "correlationVector":"9AkiYsYhJlt2XqrYUwtHlP.2","action":"Commit Response", "result":"Success", "context":Result: Success. cV=9AkiYsYhJlt2XqrYUwtHlP.0;server=akswtt10200000l;cloudType=Multitenant;environment=Prod_brazilsouth_prod-s01-034-sam-brazilsouth;migrationStage=NotStarted}
{"logTime": "0708/230907", "correlationVector":"fAB+KIf9EuX3oUok8mXtZb","action":"Commit Request", "result":"", "context":Item count: 3
Contributing types: Sessions, History}
{"logTime": "0708/230907", "correlationVector":"fAB+KIf9EuX3oUok8mXtZb.1","action":"SyncServerConnectionManagerRequest", "result":"SYNC_SERVER_OK", "context":{"environment":"Prod_brazilsouth_prod-s01-034-sam-brazilsouth", "migrationStage":"NotStarted", "server":"akswtt10200000r"}}
{"logTime": "0708/230907", "correlationVector":"fAB+KIf9EuX3oUok8mXtZb.2","action":"Commit Response", "result":"Success", "context":Result: Success. cV=fAB+KIf9EuX3oUok8mXtZb.0;server=akswtt10200000r;cloudType=Multitenant;environment=Prod_brazilsouth_prod-s01-034-sam-brazilsouth;migrationStage=NotStarted}
{"logTime": "0708/231348", "correlationVector":"6CDjywgN77W2v9lkuuBRn8","action":"Commit Request", "result":"", "context":Item count: 3
Contributing types: Sessions, History}
{"logTime": "0708/231349", "correlationVector":"6CDjywgN77W2v9lkuuBRn8.1","action":"SyncServerConnectionManagerRequest", "result":"SYNC_SERVER_OK", "context":{"environment":"Prod_brazilsouth_prod-s01-001-sam-brazilsouth", "migrationStage":"NotStarted", "server":"akswtt00600000p"}}
{"logTime": "0708/231349", "correlationVector":"6CDjywgN77W2v9lkuuBRn8.2","action":"Commit Response", "result":"Success", "context":Result: Success. cV=6CDjywgN77W2v9lkuuBRn8.0;server=akswtt00600000p;cloudType=Multitenant;environment=Prod_brazilsouth_prod-s01-001-sam-brazilsouth;migrationStage=NotStarted}
